{"__type":"$$EventMessageAudit","id":"1e0dcc5a-600b-40df-90a1-944ee214e2dd","ts":"2025-09-08T23:51:29.709+00:00","eventName":"n8n.audit.workflow.created","message":"n8n.audit.workflow.created","payload":{"userId":"3de95d2c-7687-4d10-889b-3eb871e0a87f","_email":"notguy47@gmail.com","_firstName":"Guy","_lastName":"Cod","globalRole":"global:owner","workflowId":"WqbSraqPbsgQ4bLz","workflowName":"Function Item"}}
{"__type":"$$EventMessageConfirm","confirm":"1e0dcc5a-600b-40df-90a1-944ee214e2dd","ts":"2025-09-08T23:51:29.711+00:00","source":{"id":"0","name":"eventBus"}}
{"__type":"$$EventMessageWorkflow","id":"ecc1e1a8-0f58-40fb-9da5-fa4d0d6aac3a","ts":"2025-09-09T00:19:33.939+00:00","eventName":"n8n.workflow.failed","message":"n8n.workflow.failed","payload":{"userId":"3de95d2c-7687-4d10-889b-3eb871e0a87f","executionId":"58","success":false,"isManual":true,"workflowId":"WqbSraqPbsgQ4bLz","workflowName":"Function Item","errorMessage":"The workflow has issues and cannot be executed for that reason. Please fix them first."}}
{"__type":"$$EventMessageConfirm","confirm":"ecc1e1a8-0f58-40fb-9da5-fa4d0d6aac3a","ts":"2025-09-09T00:19:33.939+00:00","source":{"id":"0","name":"eventBus"}}
{"__type":"$$EventMessageWorkflow","id":"67002319-ebda-4932-9cfa-20d49323e2db","ts":"2025-09-09T00:19:50.046+00:00","eventName":"n8n.workflow.failed","message":"n8n.workflow.failed","payload":{"userId":"3de95d2c-7687-4d10-889b-3eb871e0a87f","executionId":"59","success":false,"isManual":true,"workflowId":"WqbSraqPbsgQ4bLz","workflowName":"Function Item","errorMessage":"The workflow has issues and cannot be executed for that reason. Please fix them first."}}
{"__type":"$$EventMessageConfirm","confirm":"67002319-ebda-4932-9cfa-20d49323e2db","ts":"2025-09-09T00:19:50.046+00:00","source":{"id":"0","name":"eventBus"}}
{"__type":"$$EventMessageWorkflow","id":"52295b32-5d45-471f-93a2-a578e83d2d77","ts":"2025-09-09T00:20:14.435+00:00","eventName":"n8n.workflow.failed","message":"n8n.workflow.failed","payload":{"userId":"3de95d2c-7687-4d10-889b-3eb871e0a87f","executionId":"60","success":false,"isManual":true,"workflowId":"WqbSraqPbsgQ4bLz","workflowName":"Function Item","errorMessage":"The workflow has issues and cannot be executed for that reason. Please fix them first."}}
{"__type":"$$EventMessageConfirm","confirm":"52295b32-5d45-471f-93a2-a578e83d2d77","ts":"2025-09-09T00:20:14.435+00:00","source":{"id":"0","name":"eventBus"}}
{"__type":"$$EventMessageWorkflow","id":"f9a068b6-a3cc-472e-ad4a-927326f3b45a","ts":"2025-09-09T00:22:17.032+00:00","eventName":"n8n.workflow.started","message":"n8n.workflow.started","payload":{"executionId":"61","workflowId":"WqbSraqPbsgQ4bLz","isManual":false,"workflowName":"Function Item"}}
{"__type":"$$EventMessageConfirm","confirm":"f9a068b6-a3cc-472e-ad4a-927326f3b45a","ts":"2025-09-09T00:22:17.033+00:00","source":{"id":"0","name":"eventBus"}}
{"__type":"$$EventMessageNode","id":"a5116a96-20cd-4c83-bf25-65bbdc686411","ts":"2025-09-09T00:22:17.036+00:00","eventName":"n8n.node.started","message":"n8n.node.started","payload":{"workflowId":"WqbSraqPbsgQ4bLz","workflowName":"Function Item","executionId":"61","nodeType":"n8n-nodes-base.manualTrigger","nodeName":"When clicking ‘Execute workflow’","nodeId":"7b9714ab-9edf-4d36-90e6-f71f3452e30b"}}
{"__type":"$$EventMessageConfirm","confirm":"a5116a96-20cd-4c83-bf25-65bbdc686411","ts":"2025-09-09T00:22:17.037+00:00","source":{"id":"0","name":"eventBus"}}
{"__type":"$$EventMessageNode","id":"ad0d0529-04b1-4bbb-bf12-d470127ad04e","ts":"2025-09-09T00:22:17.061+00:00","eventName":"n8n.node.finished","message":"n8n.node.finished","payload":{"workflowId":"WqbSraqPbsgQ4bLz","workflowName":"Function Item","executionId":"61","nodeType":"n8n-nodes-base.manualTrigger","nodeName":"When clicking ‘Execute workflow’","nodeId":"7b9714ab-9edf-4d36-90e6-f71f3452e30b"}}
{"__type":"$$EventMessageConfirm","confirm":"ad0d0529-04b1-4bbb-bf12-d470127ad04e","ts":"2025-09-09T00:22:17.061+00:00","source":{"id":"0","name":"eventBus"}}
{"__type":"$$EventMessageNode","id":"228b3dff-dae2-4649-8902-5f0c9d8b3944","ts":"2025-09-09T00:22:17.063+00:00","eventName":"n8n.node.started","message":"n8n.node.started","payload":{"workflowId":"WqbSraqPbsgQ4bLz","workflowName":"Function Item","executionId":"61","nodeType":"n8n-nodes-base.set","nodeName":"Edit Fields","nodeId":"2e20686b-7214-4b3e-91c5-02a0d12e5dc8"}}
{"__type":"$$EventMessageConfirm","confirm":"228b3dff-dae2-4649-8902-5f0c9d8b3944","ts":"2025-09-09T00:22:17.064+00:00","source":{"id":"0","name":"eventBus"}}
{"__type":"$$EventMessageNode","id":"a8da1512-69ae-46d2-b03f-bac697a5806f","ts":"2025-09-09T00:22:17.079+00:00","eventName":"n8n.node.finished","message":"n8n.node.finished","payload":{"workflowId":"WqbSraqPbsgQ4bLz","workflowName":"Function Item","executionId":"61","nodeType":"n8n-nodes-base.set","nodeName":"Edit Fields","nodeId":"2e20686b-7214-4b3e-91c5-02a0d12e5dc8"}}
{"__type":"$$EventMessageConfirm","confirm":"a8da1512-69ae-46d2-b03f-bac697a5806f","ts":"2025-09-09T00:22:17.079+00:00","source":{"id":"0","name":"eventBus"}}
{"__type":"$$EventMessageWorkflow","id":"f0b2e344-96cd-4872-9a42-ba8e29700b41","ts":"2025-09-09T00:22:17.084+00:00","eventName":"n8n.workflow.success","message":"n8n.workflow.success","payload":{"userId":"3de95d2c-7687-4d10-889b-3eb871e0a87f","executionId":"61","success":true,"isManual":true,"workflowId":"WqbSraqPbsgQ4bLz","workflowName":"Function Item"}}
{"__type":"$$EventMessageConfirm","confirm":"f0b2e344-96cd-4872-9a42-ba8e29700b41","ts":"2025-09-09T00:22:17.085+00:00","source":{"id":"0","name":"eventBus"}}
{"__type":"$$EventMessageWorkflow","id":"432ee2e7-ccb1-4ddd-8183-42b5e6af16c8","ts":"2025-09-09T01:23:55.706+00:00","eventName":"n8n.workflow.started","message":"n8n.workflow.started","payload":{"executionId":"62","workflowId":"WqbSraqPbsgQ4bLz","isManual":false,"workflowName":"Function Item"}}
{"__type":"$$EventMessageConfirm","confirm":"432ee2e7-ccb1-4ddd-8183-42b5e6af16c8","ts":"2025-09-09T01:23:55.706+00:00","source":{"id":"0","name":"eventBus"}}
{"__type":"$$EventMessageNode","id":"164546bc-6b17-44b2-9bdc-a151a7868f39","ts":"2025-09-09T01:23:55.707+00:00","eventName":"n8n.node.started","message":"n8n.node.started","payload":{"workflowId":"WqbSraqPbsgQ4bLz","workflowName":"Function Item","executionId":"62","nodeType":"n8n-nodes-base.code","nodeName":"Code","nodeId":"bd027f3b-6561-4e8b-85a8-366355a27c9d"}}
{"__type":"$$EventMessageConfirm","confirm":"164546bc-6b17-44b2-9bdc-a151a7868f39","ts":"2025-09-09T01:23:55.707+00:00","source":{"id":"0","name":"eventBus"}}
{"__type":"$$EventMessageNode","id":"8f8acd01-9d69-426f-8365-009e1ff9f48a","ts":"2025-09-08T21:23:57.351-04:00","eventName":"n8n.node.finished","message":"n8n.node.finished","payload":{"workflowId":"WqbSraqPbsgQ4bLz","workflowName":"Function Item","executionId":"62","nodeType":"n8n-nodes-base.code","nodeName":"Code","nodeId":"bd027f3b-6561-4e8b-85a8-366355a27c9d"}}
{"__type":"$$EventMessageConfirm","confirm":"8f8acd01-9d69-426f-8365-009e1ff9f48a","ts":"2025-09-08T21:23:57.351-04:00","source":{"id":"0","name":"eventBus"}}
{"__type":"$$EventMessageWorkflow","id":"8372f717-089f-4831-8ec0-119c04671182","ts":"2025-09-08T21:23:57.356-04:00","eventName":"n8n.workflow.failed","message":"n8n.workflow.failed","payload":{"userId":"3de95d2c-7687-4d10-889b-3eb871e0a87f","executionId":"62","success":false,"isManual":true,"workflowId":"WqbSraqPbsgQ4bLz","workflowName":"Function Item","lastNodeExecuted":"Code","errorNodeType":"n8n-nodes-base.code","errorMessage":"Code doesn't return an object [item 0]"}}
{"__type":"$$EventMessageConfirm","confirm":"8372f717-089f-4831-8ec0-119c04671182","ts":"2025-09-08T21:23:57.356-04:00","source":{"id":"0","name":"eventBus"}}
{"__type":"$$EventMessageWorkflow","id":"f76ce0f2-3eb9-40de-a417-049e3d27bc9d","ts":"2025-09-08T21:24:10.361-04:00","eventName":"n8n.workflow.started","message":"n8n.workflow.started","payload":{"executionId":"63","workflowId":"WqbSraqPbsgQ4bLz","isManual":false,"workflowName":"Function Item"}}
{"__type":"$$EventMessageConfirm","confirm":"f76ce0f2-3eb9-40de-a417-049e3d27bc9d","ts":"2025-09-08T21:24:10.362-04:00","source":{"id":"0","name":"eventBus"}}
{"__type":"$$EventMessageNode","id":"358d3dd8-00d8-4da2-bf86-37e0f2c48db6","ts":"2025-09-08T21:24:10.362-04:00","eventName":"n8n.node.started","message":"n8n.node.started","payload":{"workflowId":"WqbSraqPbsgQ4bLz","workflowName":"Function Item","executionId":"63","nodeType":"n8n-nodes-base.code","nodeName":"Code","nodeId":"bd027f3b-6561-4e8b-85a8-366355a27c9d"}}
{"__type":"$$EventMessageConfirm","confirm":"358d3dd8-00d8-4da2-bf86-37e0f2c48db6","ts":"2025-09-08T21:24:10.362-04:00","source":{"id":"0","name":"eventBus"}}
{"__type":"$$EventMessageNode","id":"13eeb327-94e2-4b52-9d61-a9d49f0954ac","ts":"2025-09-08T21:24:10.380-04:00","eventName":"n8n.node.finished","message":"n8n.node.finished","payload":{"workflowId":"WqbSraqPbsgQ4bLz","workflowName":"Function Item","executionId":"63","nodeType":"n8n-nodes-base.code","nodeName":"Code","nodeId":"bd027f3b-6561-4e8b-85a8-366355a27c9d"}}
{"__type":"$$EventMessageConfirm","confirm":"13eeb327-94e2-4b52-9d61-a9d49f0954ac","ts":"2025-09-08T21:24:10.380-04:00","source":{"id":"0","name":"eventBus"}}
{"__type":"$$EventMessageWorkflow","id":"b195a843-7947-47e6-b57b-ae2a2f9f061a","ts":"2025-09-08T21:24:10.383-04:00","eventName":"n8n.workflow.success","message":"n8n.workflow.success","payload":{"userId":"3de95d2c-7687-4d10-889b-3eb871e0a87f","executionId":"63","success":true,"isManual":true,"workflowId":"WqbSraqPbsgQ4bLz","workflowName":"Function Item"}}
{"__type":"$$EventMessageConfirm","confirm":"b195a843-7947-47e6-b57b-ae2a2f9f061a","ts":"2025-09-08T21:24:10.383-04:00","source":{"id":"0","name":"eventBus"}}
{"__type":"$$EventMessageWorkflow","id":"846eb9dc-711a-4b1e-868a-143d6e74d51a","ts":"2025-09-08T21:26:41.307-04:00","eventName":"n8n.workflow.started","message":"n8n.workflow.started","payload":{"executionId":"64","workflowId":"WqbSraqPbsgQ4bLz","isManual":false,"workflowName":"Function Item"}}
{"__type":"$$EventMessageConfirm","confirm":"846eb9dc-711a-4b1e-868a-143d6e74d51a","ts":"2025-09-08T21:26:41.307-04:00","source":{"id":"0","name":"eventBus"}}
{"__type":"$$EventMessageNode","id":"03c9448f-60fe-4851-85cb-9332113ce368","ts":"2025-09-08T21:26:41.307-04:00","eventName":"n8n.node.started","message":"n8n.node.started","payload":{"workflowId":"WqbSraqPbsgQ4bLz","workflowName":"Function Item","executionId":"64","nodeType":"n8n-nodes-base.code","nodeName":"Code","nodeId":"68b5a028-0f78-48d3-99a7-90fe085567a5"}}
{"__type":"$$EventMessageConfirm","confirm":"03c9448f-60fe-4851-85cb-9332113ce368","ts":"2025-09-08T21:26:41.307-04:00","source":{"id":"0","name":"eventBus"}}
{"__type":"$$EventMessageNode","id":"552f55ce-6e9a-48ae-a362-cc0978850f4c","ts":"2025-09-08T21:26:41.318-04:00","eventName":"n8n.node.finished","message":"n8n.node.finished","payload":{"workflowId":"WqbSraqPbsgQ4bLz","workflowName":"Function Item","executionId":"64","nodeType":"n8n-nodes-base.code","nodeName":"Code","nodeId":"68b5a028-0f78-48d3-99a7-90fe085567a5"}}
{"__type":"$$EventMessageConfirm","confirm":"552f55ce-6e9a-48ae-a362-cc0978850f4c","ts":"2025-09-08T21:26:41.318-04:00","source":{"id":"0","name":"eventBus"}}
{"__type":"$$EventMessageWorkflow","id":"9de09202-821a-4f2b-b8d8-89074639c997","ts":"2025-09-08T21:26:41.322-04:00","eventName":"n8n.workflow.success","message":"n8n.workflow.success","payload":{"userId":"3de95d2c-7687-4d10-889b-3eb871e0a87f","executionId":"64","success":true,"isManual":true,"workflowId":"WqbSraqPbsgQ4bLz","workflowName":"Function Item"}}
{"__type":"$$EventMessageConfirm","confirm":"9de09202-821a-4f2b-b8d8-89074639c997","ts":"2025-09-08T21:26:41.322-04:00","source":{"id":"0","name":"eventBus"}}
{"__type":"$$EventMessageWorkflow","id":"4b7c8f43-0617-41fa-b60f-73459f973a38","ts":"2025-09-08T21:28:17.295-04:00","eventName":"n8n.workflow.started","message":"n8n.workflow.started","payload":{"executionId":"65","workflowId":"WqbSraqPbsgQ4bLz","isManual":false,"workflowName":"Function Item"}}
{"__type":"$$EventMessageConfirm","confirm":"4b7c8f43-0617-41fa-b60f-73459f973a38","ts":"2025-09-08T21:28:17.295-04:00","source":{"id":"0","name":"eventBus"}}
{"__type":"$$EventMessageNode","id":"4c7696af-8b4f-4a62-8201-ecd765ac1dd0","ts":"2025-09-08T21:28:17.296-04:00","eventName":"n8n.node.started","message":"n8n.node.started","payload":{"workflowId":"WqbSraqPbsgQ4bLz","workflowName":"Function Item","executionId":"65","nodeType":"n8n-nodes-base.code","nodeName":"Code","nodeId":"68b5a028-0f78-48d3-99a7-90fe085567a5"}}
{"__type":"$$EventMessageConfirm","confirm":"4c7696af-8b4f-4a62-8201-ecd765ac1dd0","ts":"2025-09-08T21:28:17.296-04:00","source":{"id":"0","name":"eventBus"}}
{"__type":"$$EventMessageNode","id":"025b7f88-4478-4fb4-bc03-68846aa9eab3","ts":"2025-09-08T21:28:17.307-04:00","eventName":"n8n.node.finished","message":"n8n.node.finished","payload":{"workflowId":"WqbSraqPbsgQ4bLz","workflowName":"Function Item","executionId":"65","nodeType":"n8n-nodes-base.code","nodeName":"Code","nodeId":"68b5a028-0f78-48d3-99a7-90fe085567a5"}}
{"__type":"$$EventMessageConfirm","confirm":"025b7f88-4478-4fb4-bc03-68846aa9eab3","ts":"2025-09-08T21:28:17.307-04:00","source":{"id":"0","name":"eventBus"}}
{"__type":"$$EventMessageWorkflow","id":"ff3200ba-ee23-4c3d-a1b7-b895b91af52e","ts":"2025-09-08T21:28:17.311-04:00","eventName":"n8n.workflow.success","message":"n8n.workflow.success","payload":{"userId":"3de95d2c-7687-4d10-889b-3eb871e0a87f","executionId":"65","success":true,"isManual":true,"workflowId":"WqbSraqPbsgQ4bLz","workflowName":"Function Item"}}
{"__type":"$$EventMessageConfirm","confirm":"ff3200ba-ee23-4c3d-a1b7-b895b91af52e","ts":"2025-09-08T21:28:17.311-04:00","source":{"id":"0","name":"eventBus"}}
{"__type":"$$EventMessageWorkflow","id":"b26b01a9-0f44-4f88-ad85-44454a78acd6","ts":"2025-09-08T21:28:34.614-04:00","eventName":"n8n.workflow.started","message":"n8n.workflow.started","payload":{"executionId":"66","workflowId":"WqbSraqPbsgQ4bLz","isManual":false,"workflowName":"Function Item"}}
{"__type":"$$EventMessageConfirm","confirm":"b26b01a9-0f44-4f88-ad85-44454a78acd6","ts":"2025-09-08T21:28:34.615-04:00","source":{"id":"0","name":"eventBus"}}
{"__type":"$$EventMessageNode","id":"d9b6c535-4e1b-4464-8efa-79a803e26afc","ts":"2025-09-08T21:28:34.616-04:00","eventName":"n8n.node.started","message":"n8n.node.started","payload":{"workflowId":"WqbSraqPbsgQ4bLz","workflowName":"Function Item","executionId":"66","nodeType":"n8n-nodes-base.manualTrigger","nodeName":"When clicking ‘Execute workflow’","nodeId":"7b9714ab-9edf-4d36-90e6-f71f3452e30b"}}
{"__type":"$$EventMessageConfirm","confirm":"d9b6c535-4e1b-4464-8efa-79a803e26afc","ts":"2025-09-08T21:28:34.616-04:00","source":{"id":"0","name":"eventBus"}}
{"__type":"$$EventMessageNode","id":"1e395b4c-2e9c-40dd-b45c-de5b291bcd55","ts":"2025-09-08T21:28:34.618-04:00","eventName":"n8n.node.finished","message":"n8n.node.finished","payload":{"workflowId":"WqbSraqPbsgQ4bLz","workflowName":"Function Item","executionId":"66","nodeType":"n8n-nodes-base.manualTrigger","nodeName":"When clicking ‘Execute workflow’","nodeId":"7b9714ab-9edf-4d36-90e6-f71f3452e30b"}}
{"__type":"$$EventMessageConfirm","confirm":"1e395b4c-2e9c-40dd-b45c-de5b291bcd55","ts":"2025-09-08T21:28:34.618-04:00","source":{"id":"0","name":"eventBus"}}
{"__type":"$$EventMessageNode","id":"5290b932-47ee-4d35-aba3-a238193d1d51","ts":"2025-09-08T21:28:34.619-04:00","eventName":"n8n.node.started","message":"n8n.node.started","payload":{"workflowId":"WqbSraqPbsgQ4bLz","workflowName":"Function Item","executionId":"66","nodeType":"n8n-nodes-base.set","nodeName":"Edit Fields","nodeId":"2e20686b-7214-4b3e-91c5-02a0d12e5dc8"}}
{"__type":"$$EventMessageConfirm","confirm":"5290b932-47ee-4d35-aba3-a238193d1d51","ts":"2025-09-08T21:28:34.619-04:00","source":{"id":"0","name":"eventBus"}}
{"__type":"$$EventMessageNode","id":"ebd89ef1-f0c4-4048-b6b9-a62a4269d52a","ts":"2025-09-08T21:28:34.621-04:00","eventName":"n8n.node.finished","message":"n8n.node.finished","payload":{"workflowId":"WqbSraqPbsgQ4bLz","workflowName":"Function Item","executionId":"66","nodeType":"n8n-nodes-base.set","nodeName":"Edit Fields","nodeId":"2e20686b-7214-4b3e-91c5-02a0d12e5dc8"}}
{"__type":"$$EventMessageConfirm","confirm":"ebd89ef1-f0c4-4048-b6b9-a62a4269d52a","ts":"2025-09-08T21:28:34.621-04:00","source":{"id":"0","name":"eventBus"}}
{"__type":"$$EventMessageNode","id":"560f0db1-7686-4b2e-8de0-7d5b6bf49a51","ts":"2025-09-08T21:28:34.621-04:00","eventName":"n8n.node.started","message":"n8n.node.started","payload":{"workflowId":"WqbSraqPbsgQ4bLz","workflowName":"Function Item","executionId":"66","nodeType":"n8n-nodes-base.code","nodeName":"Code","nodeId":"68b5a028-0f78-48d3-99a7-90fe085567a5"}}
{"__type":"$$EventMessageConfirm","confirm":"560f0db1-7686-4b2e-8de0-7d5b6bf49a51","ts":"2025-09-08T21:28:34.621-04:00","source":{"id":"0","name":"eventBus"}}
{"__type":"$$EventMessageNode","id":"e77e04ba-beeb-4fce-8ebb-59af42cb610d","ts":"2025-09-08T21:28:34.633-04:00","eventName":"n8n.node.finished","message":"n8n.node.finished","payload":{"workflowId":"WqbSraqPbsgQ4bLz","workflowName":"Function Item","executionId":"66","nodeType":"n8n-nodes-base.code","nodeName":"Code","nodeId":"68b5a028-0f78-48d3-99a7-90fe085567a5"}}
{"__type":"$$EventMessageConfirm","confirm":"e77e04ba-beeb-4fce-8ebb-59af42cb610d","ts":"2025-09-08T21:28:34.633-04:00","source":{"id":"0","name":"eventBus"}}
{"__type":"$$EventMessageWorkflow","id":"bdc128da-88a1-4fa5-a29a-6e41faab6568","ts":"2025-09-08T21:28:34.635-04:00","eventName":"n8n.workflow.success","message":"n8n.workflow.success","payload":{"userId":"3de95d2c-7687-4d10-889b-3eb871e0a87f","executionId":"66","success":true,"isManual":true,"workflowId":"WqbSraqPbsgQ4bLz","workflowName":"Function Item"}}
{"__type":"$$EventMessageConfirm","confirm":"bdc128da-88a1-4fa5-a29a-6e41faab6568","ts":"2025-09-08T21:28:34.636-04:00","source":{"id":"0","name":"eventBus"}}
{"__type":"$$EventMessageWorkflow","id":"cdfe7795-6d10-4cc0-a648-150212ef1b81","ts":"2025-09-08T21:32:01.116-04:00","eventName":"n8n.workflow.started","message":"n8n.workflow.started","payload":{"executionId":"67","workflowId":"WqbSraqPbsgQ4bLz","isManual":false,"workflowName":"Function Item"}}
{"__type":"$$EventMessageConfirm","confirm":"cdfe7795-6d10-4cc0-a648-150212ef1b81","ts":"2025-09-08T21:32:01.116-04:00","source":{"id":"0","name":"eventBus"}}
{"__type":"$$EventMessageNode","id":"504053e1-7973-474b-adae-9418109106ff","ts":"2025-09-08T21:32:01.117-04:00","eventName":"n8n.node.started","message":"n8n.node.started","payload":{"workflowId":"WqbSraqPbsgQ4bLz","workflowName":"Function Item","executionId":"67","nodeType":"n8n-nodes-base.code","nodeName":"Code","nodeId":"68b5a028-0f78-48d3-99a7-90fe085567a5"}}
{"__type":"$$EventMessageConfirm","confirm":"504053e1-7973-474b-adae-9418109106ff","ts":"2025-09-08T21:32:01.117-04:00","source":{"id":"0","name":"eventBus"}}
{"__type":"$$EventMessageNode","id":"8281ffa4-5c6b-457c-8348-12c9485db069","ts":"2025-09-08T21:32:01.133-04:00","eventName":"n8n.node.finished","message":"n8n.node.finished","payload":{"workflowId":"WqbSraqPbsgQ4bLz","workflowName":"Function Item","executionId":"67","nodeType":"n8n-nodes-base.code","nodeName":"Code","nodeId":"68b5a028-0f78-48d3-99a7-90fe085567a5"}}
{"__type":"$$EventMessageConfirm","confirm":"8281ffa4-5c6b-457c-8348-12c9485db069","ts":"2025-09-08T21:32:01.133-04:00","source":{"id":"0","name":"eventBus"}}
{"__type":"$$EventMessageWorkflow","id":"2c01373a-0ff7-4b98-bd6a-299b2b0df95c","ts":"2025-09-08T21:32:01.135-04:00","eventName":"n8n.workflow.failed","message":"n8n.workflow.failed","payload":{"userId":"3de95d2c-7687-4d10-889b-3eb871e0a87f","executionId":"67","success":false,"isManual":true,"workflowId":"WqbSraqPbsgQ4bLz","workflowName":"Function Item","lastNodeExecuted":"Code","errorNodeType":"n8n-nodes-base.code","errorMessage":"Unexpected token ':' [line 4, for item 0]"}}
{"__type":"$$EventMessageConfirm","confirm":"2c01373a-0ff7-4b98-bd6a-299b2b0df95c","ts":"2025-09-08T21:32:01.135-04:00","source":{"id":"0","name":"eventBus"}}
{"__type":"$$EventMessageWorkflow","id":"09f45bc4-8f6c-4b51-b6ab-9d29e461b38d","ts":"2025-09-08T21:32:12.556-04:00","eventName":"n8n.workflow.started","message":"n8n.workflow.started","payload":{"executionId":"68","workflowId":"WqbSraqPbsgQ4bLz","isManual":false,"workflowName":"Function Item"}}
{"__type":"$$EventMessageConfirm","confirm":"09f45bc4-8f6c-4b51-b6ab-9d29e461b38d","ts":"2025-09-08T21:32:12.556-04:00","source":{"id":"0","name":"eventBus"}}
{"__type":"$$EventMessageNode","id":"cc5fa893-c6ea-4e65-bd7a-32e8cc33a8a5","ts":"2025-09-08T21:32:12.584-04:00","eventName":"n8n.node.started","message":"n8n.node.started","payload":{"workflowId":"WqbSraqPbsgQ4bLz","workflowName":"Function Item","executionId":"68","nodeType":"n8n-nodes-base.code","nodeName":"Code","nodeId":"68b5a028-0f78-48d3-99a7-90fe085567a5"}}
{"__type":"$$EventMessageConfirm","confirm":"cc5fa893-c6ea-4e65-bd7a-32e8cc33a8a5","ts":"2025-09-08T21:32:12.585-04:00","source":{"id":"0","name":"eventBus"}}
{"__type":"$$EventMessageNode","id":"b534d301-b731-4d10-9576-f67ef05da31e","ts":"2025-09-08T21:32:12.598-04:00","eventName":"n8n.node.finished","message":"n8n.node.finished","payload":{"workflowId":"WqbSraqPbsgQ4bLz","workflowName":"Function Item","executionId":"68","nodeType":"n8n-nodes-base.code","nodeName":"Code","nodeId":"68b5a028-0f78-48d3-99a7-90fe085567a5"}}
{"__type":"$$EventMessageConfirm","confirm":"b534d301-b731-4d10-9576-f67ef05da31e","ts":"2025-09-08T21:32:12.599-04:00","source":{"id":"0","name":"eventBus"}}
{"__type":"$$EventMessageWorkflow","id":"5b552bed-5bdf-48e7-ac0f-2d5a372eee56","ts":"2025-09-08T21:32:12.601-04:00","eventName":"n8n.workflow.failed","message":"n8n.workflow.failed","payload":{"userId":"3de95d2c-7687-4d10-889b-3eb871e0a87f","executionId":"68","success":false,"isManual":true,"workflowId":"WqbSraqPbsgQ4bLz","workflowName":"Function Item","lastNodeExecuted":"Code","errorNodeType":"n8n-nodes-base.code","errorMessage":"Code doesn't return a single object [item 0]"}}
{"__type":"$$EventMessageConfirm","confirm":"5b552bed-5bdf-48e7-ac0f-2d5a372eee56","ts":"2025-09-08T21:32:12.601-04:00","source":{"id":"0","name":"eventBus"}}
{"__type":"$$EventMessageWorkflow","id":"8d5ec3ff-03e1-4997-9e8a-d243a16f6352","ts":"2025-09-08T21:32:19.235-04:00","eventName":"n8n.workflow.started","message":"n8n.workflow.started","payload":{"executionId":"69","workflowId":"WqbSraqPbsgQ4bLz","isManual":false,"workflowName":"Function Item"}}
{"__type":"$$EventMessageConfirm","confirm":"8d5ec3ff-03e1-4997-9e8a-d243a16f6352","ts":"2025-09-08T21:32:19.236-04:00","source":{"id":"0","name":"eventBus"}}
{"__type":"$$EventMessageNode","id":"086c9a49-a16f-44eb-a4e4-561981d7c0e0","ts":"2025-09-08T21:32:19.239-04:00","eventName":"n8n.node.started","message":"n8n.node.started","payload":{"workflowId":"WqbSraqPbsgQ4bLz","workflowName":"Function Item","executionId":"69","nodeType":"n8n-nodes-base.code","nodeName":"Code","nodeId":"68b5a028-0f78-48d3-99a7-90fe085567a5"}}
{"__type":"$$EventMessageConfirm","confirm":"086c9a49-a16f-44eb-a4e4-561981d7c0e0","ts":"2025-09-08T21:32:19.239-04:00","source":{"id":"0","name":"eventBus"}}
{"__type":"$$EventMessageNode","id":"26c3da78-76af-49ba-b907-e42b9c6e71ea","ts":"2025-09-08T21:32:19.261-04:00","eventName":"n8n.node.finished","message":"n8n.node.finished","payload":{"workflowId":"WqbSraqPbsgQ4bLz","workflowName":"Function Item","executionId":"69","nodeType":"n8n-nodes-base.code","nodeName":"Code","nodeId":"68b5a028-0f78-48d3-99a7-90fe085567a5"}}
{"__type":"$$EventMessageConfirm","confirm":"26c3da78-76af-49ba-b907-e42b9c6e71ea","ts":"2025-09-08T21:32:19.261-04:00","source":{"id":"0","name":"eventBus"}}
{"__type":"$$EventMessageWorkflow","id":"49e93158-8780-4544-9aa8-bb688675daa6","ts":"2025-09-08T21:32:19.265-04:00","eventName":"n8n.workflow.success","message":"n8n.workflow.success","payload":{"userId":"3de95d2c-7687-4d10-889b-3eb871e0a87f","executionId":"69","success":true,"isManual":true,"workflowId":"WqbSraqPbsgQ4bLz","workflowName":"Function Item"}}
{"__type":"$$EventMessageConfirm","confirm":"49e93158-8780-4544-9aa8-bb688675daa6","ts":"2025-09-08T21:32:19.265-04:00","source":{"id":"0","name":"eventBus"}}
{"__type":"$$EventMessageWorkflow","id":"203f5cab-e235-4ab5-8e63-9d2fa0ec8deb","ts":"2025-09-08T21:37:27.290-04:00","eventName":"n8n.workflow.started","message":"n8n.workflow.started","payload":{"executionId":"70","workflowId":"WqbSraqPbsgQ4bLz","isManual":false,"workflowName":"Function Item"}}
{"__type":"$$EventMessageConfirm","confirm":"203f5cab-e235-4ab5-8e63-9d2fa0ec8deb","ts":"2025-09-08T21:37:27.291-04:00","source":{"id":"0","name":"eventBus"}}
{"__type":"$$EventMessageNode","id":"e4c5e51f-0e88-4896-92fd-b904dc0f130b","ts":"2025-09-08T21:37:27.292-04:00","eventName":"n8n.node.started","message":"n8n.node.started","payload":{"workflowId":"WqbSraqPbsgQ4bLz","workflowName":"Function Item","executionId":"70","nodeType":"n8n-nodes-base.code","nodeName":"Code","nodeId":"68b5a028-0f78-48d3-99a7-90fe085567a5"}}
{"__type":"$$EventMessageConfirm","confirm":"e4c5e51f-0e88-4896-92fd-b904dc0f130b","ts":"2025-09-08T21:37:27.292-04:00","source":{"id":"0","name":"eventBus"}}
{"__type":"$$EventMessageNode","id":"b00710ce-8b31-4060-9380-05e41d9a0390","ts":"2025-09-08T21:37:27.309-04:00","eventName":"n8n.node.finished","message":"n8n.node.finished","payload":{"workflowId":"WqbSraqPbsgQ4bLz","workflowName":"Function Item","executionId":"70","nodeType":"n8n-nodes-base.code","nodeName":"Code","nodeId":"68b5a028-0f78-48d3-99a7-90fe085567a5"}}
{"__type":"$$EventMessageConfirm","confirm":"b00710ce-8b31-4060-9380-05e41d9a0390","ts":"2025-09-08T21:37:27.309-04:00","source":{"id":"0","name":"eventBus"}}
{"__type":"$$EventMessageWorkflow","id":"c26c590b-862d-47b3-b472-85cda8fc2276","ts":"2025-09-08T21:37:27.312-04:00","eventName":"n8n.workflow.success","message":"n8n.workflow.success","payload":{"userId":"3de95d2c-7687-4d10-889b-3eb871e0a87f","executionId":"70","success":true,"isManual":true,"workflowId":"WqbSraqPbsgQ4bLz","workflowName":"Function Item"}}
{"__type":"$$EventMessageConfirm","confirm":"c26c590b-862d-47b3-b472-85cda8fc2276","ts":"2025-09-08T21:37:27.313-04:00","source":{"id":"0","name":"eventBus"}}
{"__type":"$$EventMessageWorkflow","id":"fb79c6c9-4146-45ca-a8fe-5366f1586679","ts":"2025-09-08T21:37:49.637-04:00","eventName":"n8n.workflow.started","message":"n8n.workflow.started","payload":{"executionId":"71","workflowId":"WqbSraqPbsgQ4bLz","isManual":false,"workflowName":"Function Item"}}
{"__type":"$$EventMessageConfirm","confirm":"fb79c6c9-4146-45ca-a8fe-5366f1586679","ts":"2025-09-08T21:37:49.637-04:00","source":{"id":"0","name":"eventBus"}}
{"__type":"$$EventMessageNode","id":"e606ddf5-6bac-4850-9107-5913bc3ae32f","ts":"2025-09-08T21:37:49.639-04:00","eventName":"n8n.node.started","message":"n8n.node.started","payload":{"workflowId":"WqbSraqPbsgQ4bLz","workflowName":"Function Item","executionId":"71","nodeType":"n8n-nodes-base.code","nodeName":"Code1","nodeId":"22e92871-d4a4-44a6-8f6a-31c127632daa"}}
{"__type":"$$EventMessageConfirm","confirm":"e606ddf5-6bac-4850-9107-5913bc3ae32f","ts":"2025-09-08T21:37:49.639-04:00","source":{"id":"0","name":"eventBus"}}
{"__type":"$$EventMessageNode","id":"0c9595e7-a3e5-4e2a-ad3b-a8bdd856ef45","ts":"2025-09-08T21:37:49.654-04:00","eventName":"n8n.node.finished","message":"n8n.node.finished","payload":{"workflowId":"WqbSraqPbsgQ4bLz","workflowName":"Function Item","executionId":"71","nodeType":"n8n-nodes-base.code","nodeName":"Code1","nodeId":"22e92871-d4a4-44a6-8f6a-31c127632daa"}}
{"__type":"$$EventMessageConfirm","confirm":"0c9595e7-a3e5-4e2a-ad3b-a8bdd856ef45","ts":"2025-09-08T21:37:49.654-04:00","source":{"id":"0","name":"eventBus"}}
{"__type":"$$EventMessageWorkflow","id":"ca182427-f5ad-4666-a3a0-2d6deaac8ad9","ts":"2025-09-08T21:37:49.657-04:00","eventName":"n8n.workflow.success","message":"n8n.workflow.success","payload":{"userId":"3de95d2c-7687-4d10-889b-3eb871e0a87f","executionId":"71","success":true,"isManual":true,"workflowId":"WqbSraqPbsgQ4bLz","workflowName":"Function Item"}}
{"__type":"$$EventMessageConfirm","confirm":"ca182427-f5ad-4666-a3a0-2d6deaac8ad9","ts":"2025-09-08T21:37:49.657-04:00","source":{"id":"0","name":"eventBus"}}
{"__type":"$$EventMessageWorkflow","id":"bf3664f9-5958-4338-9644-29205930e2f0","ts":"2025-09-08T21:38:06.481-04:00","eventName":"n8n.workflow.started","message":"n8n.workflow.started","payload":{"executionId":"72","workflowId":"WqbSraqPbsgQ4bLz","isManual":false,"workflowName":"Function Item"}}
{"__type":"$$EventMessageConfirm","confirm":"bf3664f9-5958-4338-9644-29205930e2f0","ts":"2025-09-08T21:38:06.481-04:00","source":{"id":"0","name":"eventBus"}}
{"__type":"$$EventMessageNode","id":"2d4aaef1-0e4b-4908-b197-854c3f912b73","ts":"2025-09-08T21:38:06.482-04:00","eventName":"n8n.node.started","message":"n8n.node.started","payload":{"workflowId":"WqbSraqPbsgQ4bLz","workflowName":"Function Item","executionId":"72","nodeType":"n8n-nodes-base.code","nodeName":"Code1","nodeId":"22e92871-d4a4-44a6-8f6a-31c127632daa"}}
{"__type":"$$EventMessageConfirm","confirm":"2d4aaef1-0e4b-4908-b197-854c3f912b73","ts":"2025-09-08T21:38:06.482-04:00","source":{"id":"0","name":"eventBus"}}
{"__type":"$$EventMessageNode","id":"5d407ef8-78dc-4942-aee3-56807652d53d","ts":"2025-09-08T21:38:06.532-04:00","eventName":"n8n.node.finished","message":"n8n.node.finished","payload":{"workflowId":"WqbSraqPbsgQ4bLz","workflowName":"Function Item","executionId":"72","nodeType":"n8n-nodes-base.code","nodeName":"Code1","nodeId":"22e92871-d4a4-44a6-8f6a-31c127632daa"}}
{"__type":"$$EventMessageConfirm","confirm":"5d407ef8-78dc-4942-aee3-56807652d53d","ts":"2025-09-08T21:38:06.532-04:00","source":{"id":"0","name":"eventBus"}}
{"__type":"$$EventMessageWorkflow","id":"b1a908a0-6ad6-47e1-98df-033cf681f27b","ts":"2025-09-08T21:38:06.534-04:00","eventName":"n8n.workflow.failed","message":"n8n.workflow.failed","payload":{"userId":"3de95d2c-7687-4d10-889b-3eb871e0a87f","executionId":"72","success":false,"isManual":true,"workflowId":"WqbSraqPbsgQ4bLz","workflowName":"Function Item","lastNodeExecuted":"Code1","errorNodeType":"n8n-nodes-base.code","errorMessage":"$input.all.data is not iterable [line 2]"}}
{"__type":"$$EventMessageConfirm","confirm":"b1a908a0-6ad6-47e1-98df-033cf681f27b","ts":"2025-09-08T21:38:06.534-04:00","source":{"id":"0","name":"eventBus"}}
{"__type":"$$EventMessageWorkflow","id":"6e08d483-60b5-45a5-96da-1c0e1b49d578","ts":"2025-09-08T21:38:13.426-04:00","eventName":"n8n.workflow.started","message":"n8n.workflow.started","payload":{"executionId":"73","workflowId":"WqbSraqPbsgQ4bLz","isManual":false,"workflowName":"Function Item"}}
{"__type":"$$EventMessageConfirm","confirm":"6e08d483-60b5-45a5-96da-1c0e1b49d578","ts":"2025-09-08T21:38:13.426-04:00","source":{"id":"0","name":"eventBus"}}
{"__type":"$$EventMessageNode","id":"e9b040e6-0e37-49cb-b358-52edf8aa0739","ts":"2025-09-08T21:38:13.427-04:00","eventName":"n8n.node.started","message":"n8n.node.started","payload":{"workflowId":"WqbSraqPbsgQ4bLz","workflowName":"Function Item","executionId":"73","nodeType":"n8n-nodes-base.code","nodeName":"Code1","nodeId":"22e92871-d4a4-44a6-8f6a-31c127632daa"}}
{"__type":"$$EventMessageConfirm","confirm":"e9b040e6-0e37-49cb-b358-52edf8aa0739","ts":"2025-09-08T21:38:13.427-04:00","source":{"id":"0","name":"eventBus"}}
{"__type":"$$EventMessageNode","id":"c0ec4684-5614-40f3-9c55-9997da4797ea","ts":"2025-09-08T21:38:13.437-04:00","eventName":"n8n.node.finished","message":"n8n.node.finished","payload":{"workflowId":"WqbSraqPbsgQ4bLz","workflowName":"Function Item","executionId":"73","nodeType":"n8n-nodes-base.code","nodeName":"Code1","nodeId":"22e92871-d4a4-44a6-8f6a-31c127632daa"}}
{"__type":"$$EventMessageConfirm","confirm":"c0ec4684-5614-40f3-9c55-9997da4797ea","ts":"2025-09-08T21:38:13.437-04:00","source":{"id":"0","name":"eventBus"}}
{"__type":"$$EventMessageWorkflow","id":"65dc1394-0213-4e58-b439-71acc27be71e","ts":"2025-09-08T21:38:13.441-04:00","eventName":"n8n.workflow.success","message":"n8n.workflow.success","payload":{"userId":"3de95d2c-7687-4d10-889b-3eb871e0a87f","executionId":"73","success":true,"isManual":true,"workflowId":"WqbSraqPbsgQ4bLz","workflowName":"Function Item"}}
{"__type":"$$EventMessageConfirm","confirm":"65dc1394-0213-4e58-b439-71acc27be71e","ts":"2025-09-08T21:38:13.442-04:00","source":{"id":"0","name":"eventBus"}}
{"__type":"$$EventMessageWorkflow","id":"5f729f02-23ee-43dd-a286-4af71282ac85","ts":"2025-09-08T21:40:39.813-04:00","eventName":"n8n.workflow.started","message":"n8n.workflow.started","payload":{"executionId":"74","workflowId":"WqbSraqPbsgQ4bLz","isManual":false,"workflowName":"Function Item"}}
{"__type":"$$EventMessageConfirm","confirm":"5f729f02-23ee-43dd-a286-4af71282ac85","ts":"2025-09-08T21:40:39.814-04:00","source":{"id":"0","name":"eventBus"}}
{"__type":"$$EventMessageNode","id":"35ea096e-a0f3-4143-8a93-40a928993112","ts":"2025-09-08T21:40:39.814-04:00","eventName":"n8n.node.started","message":"n8n.node.started","payload":{"workflowId":"WqbSraqPbsgQ4bLz","workflowName":"Function Item","executionId":"74","nodeType":"n8n-nodes-base.code","nodeName":"Code1","nodeId":"22e92871-d4a4-44a6-8f6a-31c127632daa"}}
{"__type":"$$EventMessageConfirm","confirm":"35ea096e-a0f3-4143-8a93-40a928993112","ts":"2025-09-08T21:40:39.814-04:00","source":{"id":"0","name":"eventBus"}}
{"__type":"$$EventMessageNode","id":"f473de33-8bb6-40a2-a678-3652380c46f5","ts":"2025-09-08T21:40:39.826-04:00","eventName":"n8n.node.finished","message":"n8n.node.finished","payload":{"workflowId":"WqbSraqPbsgQ4bLz","workflowName":"Function Item","executionId":"74","nodeType":"n8n-nodes-base.code","nodeName":"Code1","nodeId":"22e92871-d4a4-44a6-8f6a-31c127632daa"}}
{"__type":"$$EventMessageConfirm","confirm":"f473de33-8bb6-40a2-a678-3652380c46f5","ts":"2025-09-08T21:40:39.826-04:00","source":{"id":"0","name":"eventBus"}}
{"__type":"$$EventMessageWorkflow","id":"f83676f5-e5e9-49be-bfab-4979ea9f32c5","ts":"2025-09-08T21:40:39.827-04:00","eventName":"n8n.workflow.success","message":"n8n.workflow.success","payload":{"userId":"3de95d2c-7687-4d10-889b-3eb871e0a87f","executionId":"74","success":true,"isManual":true,"workflowId":"WqbSraqPbsgQ4bLz","workflowName":"Function Item"}}
{"__type":"$$EventMessageConfirm","confirm":"f83676f5-e5e9-49be-bfab-4979ea9f32c5","ts":"2025-09-08T21:40:39.828-04:00","source":{"id":"0","name":"eventBus"}}
{"__type":"$$EventMessageAudit","id":"02302ec0-ec9a-4066-b165-eed2452f446f","ts":"2025-09-08T21:41:09.995-04:00","eventName":"n8n.audit.workflow.updated","message":"n8n.audit.workflow.updated","payload":{"userId":"3de95d2c-7687-4d10-889b-3eb871e0a87f","_email":"notguy47@gmail.com","_firstName":"Guy","_lastName":"Cod","globalRole":"global:owner","workflowId":"WqbSraqPbsgQ4bLz","workflowName":"Function Item"}}
{"__type":"$$EventMessageConfirm","confirm":"02302ec0-ec9a-4066-b165-eed2452f446f","ts":"2025-09-08T21:41:09.995-04:00","source":{"id":"0","name":"eventBus"}}
{"__type":"$$EventMessageAudit","id":"08a1ee03-f1da-4e95-ad81-ebd7759366ce","ts":"2025-09-08T21:41:53.574-04:00","eventName":"n8n.audit.workflow.updated","message":"n8n.audit.workflow.updated","payload":{"userId":"3de95d2c-7687-4d10-889b-3eb871e0a87f","_email":"notguy47@gmail.com","_firstName":"Guy","_lastName":"Cod","globalRole":"global:owner","workflowId":"WqbSraqPbsgQ4bLz","workflowName":"Function Item"}}
{"__type":"$$EventMessageConfirm","confirm":"08a1ee03-f1da-4e95-ad81-ebd7759366ce","ts":"2025-09-08T21:41:53.574-04:00","source":{"id":"0","name":"eventBus"}}
{"__type":"$$EventMessageWorkflow","id":"39cebd0e-2aaa-4eda-a969-46c775aa7ad3","ts":"2025-09-08T21:41:57.751-04:00","eventName":"n8n.workflow.started","message":"n8n.workflow.started","payload":{"executionId":"75","workflowId":"WqbSraqPbsgQ4bLz","isManual":false,"workflowName":"Function Item"}}
{"__type":"$$EventMessageConfirm","confirm":"39cebd0e-2aaa-4eda-a969-46c775aa7ad3","ts":"2025-09-08T21:41:57.752-04:00","source":{"id":"0","name":"eventBus"}}
{"__type":"$$EventMessageNode","id":"25f67188-a5e0-47d8-8f43-3bfdeffd97c1","ts":"2025-09-08T21:41:57.752-04:00","eventName":"n8n.node.started","message":"n8n.node.started","payload":{"workflowId":"WqbSraqPbsgQ4bLz","workflowName":"Function Item","executionId":"75","nodeType":"n8n-nodes-base.manualTrigger","nodeName":"When clicking ‘Execute workflow’","nodeId":"7b9714ab-9edf-4d36-90e6-f71f3452e30b"}}
{"__type":"$$EventMessageConfirm","confirm":"25f67188-a5e0-47d8-8f43-3bfdeffd97c1","ts":"2025-09-08T21:41:57.753-04:00","source":{"id":"0","name":"eventBus"}}
{"__type":"$$EventMessageNode","id":"1a872948-e866-47cf-b883-14353ff968bd","ts":"2025-09-08T21:41:57.755-04:00","eventName":"n8n.node.finished","message":"n8n.node.finished","payload":{"workflowId":"WqbSraqPbsgQ4bLz","workflowName":"Function Item","executionId":"75","nodeType":"n8n-nodes-base.manualTrigger","nodeName":"When clicking ‘Execute workflow’","nodeId":"7b9714ab-9edf-4d36-90e6-f71f3452e30b"}}
{"__type":"$$EventMessageConfirm","confirm":"1a872948-e866-47cf-b883-14353ff968bd","ts":"2025-09-08T21:41:57.756-04:00","source":{"id":"0","name":"eventBus"}}
{"__type":"$$EventMessageNode","id":"b9f9a22b-0a80-4249-a6c9-0d89d6cec65b","ts":"2025-09-08T21:41:57.757-04:00","eventName":"n8n.node.started","message":"n8n.node.started","payload":{"workflowId":"WqbSraqPbsgQ4bLz","workflowName":"Function Item","executionId":"75","nodeType":"n8n-nodes-base.set","nodeName":"Dummy data","nodeId":"2e20686b-7214-4b3e-91c5-02a0d12e5dc8"}}
{"__type":"$$EventMessageConfirm","confirm":"b9f9a22b-0a80-4249-a6c9-0d89d6cec65b","ts":"2025-09-08T21:41:57.757-04:00","source":{"id":"0","name":"eventBus"}}
{"__type":"$$EventMessageNode","id":"c3f54b56-6c25-4f05-8eb5-c81f70223866","ts":"2025-09-08T21:41:57.758-04:00","eventName":"n8n.node.finished","message":"n8n.node.finished","payload":{"workflowId":"WqbSraqPbsgQ4bLz","workflowName":"Function Item","executionId":"75","nodeType":"n8n-nodes-base.set","nodeName":"Dummy data","nodeId":"2e20686b-7214-4b3e-91c5-02a0d12e5dc8"}}
{"__type":"$$EventMessageConfirm","confirm":"c3f54b56-6c25-4f05-8eb5-c81f70223866","ts":"2025-09-08T21:41:57.758-04:00","source":{"id":"0","name":"eventBus"}}
{"__type":"$$EventMessageNode","id":"d469a556-f438-4cef-97a7-62db8006dc7d","ts":"2025-09-08T21:41:57.759-04:00","eventName":"n8n.node.started","message":"n8n.node.started","payload":{"workflowId":"WqbSraqPbsgQ4bLz","workflowName":"Function Item","executionId":"75","nodeType":"n8n-nodes-base.code","nodeName":"Format data of each item","nodeId":"68b5a028-0f78-48d3-99a7-90fe085567a5"}}
{"__type":"$$EventMessageConfirm","confirm":"d469a556-f438-4cef-97a7-62db8006dc7d","ts":"2025-09-08T21:41:57.759-04:00","source":{"id":"0","name":"eventBus"}}
{"__type":"$$EventMessageNode","id":"2ba18ccf-00de-4614-a9c8-6d7ed4e5178d","ts":"2025-09-08T21:41:57.769-04:00","eventName":"n8n.node.finished","message":"n8n.node.finished","payload":{"workflowId":"WqbSraqPbsgQ4bLz","workflowName":"Function Item","executionId":"75","nodeType":"n8n-nodes-base.code","nodeName":"Format data of each item","nodeId":"68b5a028-0f78-48d3-99a7-90fe085567a5"}}
{"__type":"$$EventMessageConfirm","confirm":"2ba18ccf-00de-4614-a9c8-6d7ed4e5178d","ts":"2025-09-08T21:41:57.769-04:00","source":{"id":"0","name":"eventBus"}}
{"__type":"$$EventMessageWorkflow","id":"1cf4b376-e140-45cf-a9dc-23164b533de2","ts":"2025-09-08T21:41:57.771-04:00","eventName":"n8n.workflow.success","message":"n8n.workflow.success","payload":{"userId":"3de95d2c-7687-4d10-889b-3eb871e0a87f","executionId":"75","success":true,"isManual":true,"workflowId":"WqbSraqPbsgQ4bLz","workflowName":"Function Item"}}
{"__type":"$$EventMessageConfirm","confirm":"1cf4b376-e140-45cf-a9dc-23164b533de2","ts":"2025-09-08T21:41:57.772-04:00","source":{"id":"0","name":"eventBus"}}
