{"__type":"$$EventMessageWorkflow","id":"d8f80fdc-5f3b-44fe-8f1a-017e5a35ddb6","ts":"2025-09-04T16:13:46.863+00:00","eventName":"n8n.workflow.started","message":"n8n.workflow.started","payload":{"executionId":"8","workflowId":"s2HI0UEGJFRJkL6d","isManual":false,"workflowName":"My workflow"}}
{"__type":"$$EventMessageConfirm","confirm":"d8f80fdc-5f3b-44fe-8f1a-017e5a35ddb6","ts":"2025-09-04T16:13:46.864+00:00","source":{"id":"0","name":"eventBus"}}
{"__type":"$$EventMessageNode","id":"1e6b9a43-6a53-4932-b662-bcc67768fd86","ts":"2025-09-04T16:13:46.868+00:00","eventName":"n8n.node.started","message":"n8n.node.started","payload":{"workflowId":"s2HI0UEGJFRJkL6d","workflowName":"My workflow","executionId":"8","nodeType":"n8n-nodes-base.manualTrigger","nodeName":"When clicking ‘Execute workflow’","nodeId":"62b2c33d-21ed-4322-bad5-9d6f0b9fa3c3"}}
{"__type":"$$EventMessageConfirm","confirm":"1e6b9a43-6a53-4932-b662-bcc67768fd86","ts":"2025-09-04T16:13:46.868+00:00","source":{"id":"0","name":"eventBus"}}
{"__type":"$$EventMessageNode","id":"c486490c-6ee4-4aa9-888c-48da82f6cbe5","ts":"2025-09-04T16:13:46.877+00:00","eventName":"n8n.node.finished","message":"n8n.node.finished","payload":{"workflowId":"s2HI0UEGJFRJkL6d","workflowName":"My workflow","executionId":"8","nodeType":"n8n-nodes-base.manualTrigger","nodeName":"When clicking ‘Execute workflow’","nodeId":"62b2c33d-21ed-4322-bad5-9d6f0b9fa3c3"}}
{"__type":"$$EventMessageConfirm","confirm":"c486490c-6ee4-4aa9-888c-48da82f6cbe5","ts":"2025-09-04T16:13:46.877+00:00","source":{"id":"0","name":"eventBus"}}
{"__type":"$$EventMessageWorkflow","id":"06e6ad0b-51a2-4ea5-b31c-b99bda5e2344","ts":"2025-09-04T16:13:46.884+00:00","eventName":"n8n.workflow.success","message":"n8n.workflow.success","payload":{"userId":"3de95d2c-7687-4d10-889b-3eb871e0a87f","executionId":"8","success":true,"isManual":true,"workflowId":"s2HI0UEGJFRJkL6d","workflowName":"My workflow"}}
{"__type":"$$EventMessageConfirm","confirm":"06e6ad0b-51a2-4ea5-b31c-b99bda5e2344","ts":"2025-09-04T16:13:46.884+00:00","source":{"id":"0","name":"eventBus"}}
{"__type":"$$EventMessageWorkflow","id":"81ffe501-edc6-4c62-ab66-1005f3cc5161","ts":"2025-09-04T16:14:32.245+00:00","eventName":"n8n.workflow.started","message":"n8n.workflow.started","payload":{"executionId":"9","workflowId":"s2HI0UEGJFRJkL6d","isManual":false,"workflowName":"My workflow"}}
{"__type":"$$EventMessageConfirm","confirm":"81ffe501-edc6-4c62-ab66-1005f3cc5161","ts":"2025-09-04T16:14:32.246+00:00","source":{"id":"0","name":"eventBus"}}
{"__type":"$$EventMessageNode","id":"58b50a28-89d3-4f0e-8815-f54f3aa78322","ts":"2025-09-04T16:14:32.247+00:00","eventName":"n8n.node.started","message":"n8n.node.started","payload":{"workflowId":"s2HI0UEGJFRJkL6d","workflowName":"My workflow","executionId":"9","nodeType":"n8n-nodes-base.manualTrigger","nodeName":"When clicking ‘Execute workflow’","nodeId":"62b2c33d-21ed-4322-bad5-9d6f0b9fa3c3"}}
{"__type":"$$EventMessageConfirm","confirm":"58b50a28-89d3-4f0e-8815-f54f3aa78322","ts":"2025-09-04T16:14:32.248+00:00","source":{"id":"0","name":"eventBus"}}
{"__type":"$$EventMessageNode","id":"9cc12de5-0daa-43b6-b562-2714c6b54e5c","ts":"2025-09-04T16:14:32.251+00:00","eventName":"n8n.node.finished","message":"n8n.node.finished","payload":{"workflowId":"s2HI0UEGJFRJkL6d","workflowName":"My workflow","executionId":"9","nodeType":"n8n-nodes-base.manualTrigger","nodeName":"When clicking ‘Execute workflow’","nodeId":"62b2c33d-21ed-4322-bad5-9d6f0b9fa3c3"}}
{"__type":"$$EventMessageConfirm","confirm":"9cc12de5-0daa-43b6-b562-2714c6b54e5c","ts":"2025-09-04T16:14:32.251+00:00","source":{"id":"0","name":"eventBus"}}
{"__type":"$$EventMessageWorkflow","id":"ad661525-930c-40c8-8572-1c828cb89fca","ts":"2025-09-04T16:14:32.258+00:00","eventName":"n8n.workflow.success","message":"n8n.workflow.success","payload":{"userId":"3de95d2c-7687-4d10-889b-3eb871e0a87f","executionId":"9","success":true,"isManual":true,"workflowId":"s2HI0UEGJFRJkL6d","workflowName":"My workflow"}}
{"__type":"$$EventMessageConfirm","confirm":"ad661525-930c-40c8-8572-1c828cb89fca","ts":"2025-09-04T16:14:32.258+00:00","source":{"id":"0","name":"eventBus"}}
{"__type":"$$EventMessageWorkflow","id":"1e90ddef-bdf8-4eff-ae56-a1b17ef7ec74","ts":"2025-09-04T16:17:46.225+00:00","eventName":"n8n.workflow.started","message":"n8n.workflow.started","payload":{"executionId":"10","workflowId":"s2HI0UEGJFRJkL6d","isManual":false,"workflowName":"My workflow"}}
{"__type":"$$EventMessageConfirm","confirm":"1e90ddef-bdf8-4eff-ae56-a1b17ef7ec74","ts":"2025-09-04T16:17:46.225+00:00","source":{"id":"0","name":"eventBus"}}
{"__type":"$$EventMessageNode","id":"230a88a4-cad8-4c4d-b79d-6034321e9162","ts":"2025-09-04T16:17:46.229+00:00","eventName":"n8n.node.started","message":"n8n.node.started","payload":{"workflowId":"s2HI0UEGJFRJkL6d","workflowName":"My workflow","executionId":"10","nodeType":"n8n-nodes-base.code","nodeName":"Code","nodeId":"b5d39b6b-9279-4724-8337-7a45baa52698"}}
{"__type":"$$EventMessageConfirm","confirm":"230a88a4-cad8-4c4d-b79d-6034321e9162","ts":"2025-09-04T16:17:46.229+00:00","source":{"id":"0","name":"eventBus"}}
{"__type":"$$EventMessageNode","id":"24a19948-03d4-4b09-8657-40b0ec4c1505","ts":"2025-09-04T12:17:46.528-04:00","eventName":"n8n.node.finished","message":"n8n.node.finished","payload":{"workflowId":"s2HI0UEGJFRJkL6d","workflowName":"My workflow","executionId":"10","nodeType":"n8n-nodes-base.code","nodeName":"Code","nodeId":"b5d39b6b-9279-4724-8337-7a45baa52698"}}
{"__type":"$$EventMessageConfirm","confirm":"24a19948-03d4-4b09-8657-40b0ec4c1505","ts":"2025-09-04T12:17:46.528-04:00","source":{"id":"0","name":"eventBus"}}
{"__type":"$$EventMessageWorkflow","id":"3f26c098-5edf-4f37-af3b-b55e02c3fdeb","ts":"2025-09-04T12:17:46.533-04:00","eventName":"n8n.workflow.failed","message":"n8n.workflow.failed","payload":{"userId":"3de95d2c-7687-4d10-889b-3eb871e0a87f","executionId":"10","success":false,"isManual":true,"workflowId":"s2HI0UEGJFRJkL6d","workflowName":"My workflow","lastNodeExecuted":"Code","errorNodeType":"n8n-nodes-base.code","errorMessage":"Code doesn't return items properly"}}
{"__type":"$$EventMessageConfirm","confirm":"3f26c098-5edf-4f37-af3b-b55e02c3fdeb","ts":"2025-09-04T12:17:46.534-04:00","source":{"id":"0","name":"eventBus"}}
{"__type":"$$EventMessageWorkflow","id":"f53d66b2-d5ef-439f-9e88-547d4a014c94","ts":"2025-09-04T12:17:56.100-04:00","eventName":"n8n.workflow.started","message":"n8n.workflow.started","payload":{"executionId":"11","workflowId":"s2HI0UEGJFRJkL6d","isManual":false,"workflowName":"My workflow"}}
{"__type":"$$EventMessageConfirm","confirm":"f53d66b2-d5ef-439f-9e88-547d4a014c94","ts":"2025-09-04T12:17:56.100-04:00","source":{"id":"0","name":"eventBus"}}
{"__type":"$$EventMessageNode","id":"2389f05f-03ce-4b43-b5e5-9d756451f4f1","ts":"2025-09-04T12:17:56.102-04:00","eventName":"n8n.node.started","message":"n8n.node.started","payload":{"workflowId":"s2HI0UEGJFRJkL6d","workflowName":"My workflow","executionId":"11","nodeType":"n8n-nodes-base.code","nodeName":"Code","nodeId":"b5d39b6b-9279-4724-8337-7a45baa52698"}}
{"__type":"$$EventMessageConfirm","confirm":"2389f05f-03ce-4b43-b5e5-9d756451f4f1","ts":"2025-09-04T12:17:56.102-04:00","source":{"id":"0","name":"eventBus"}}
{"__type":"$$EventMessageNode","id":"1cf89c8a-9b55-4e94-b126-51c1eabd7a04","ts":"2025-09-04T12:17:56.111-04:00","eventName":"n8n.node.finished","message":"n8n.node.finished","payload":{"workflowId":"s2HI0UEGJFRJkL6d","workflowName":"My workflow","executionId":"11","nodeType":"n8n-nodes-base.code","nodeName":"Code","nodeId":"b5d39b6b-9279-4724-8337-7a45baa52698"}}
{"__type":"$$EventMessageConfirm","confirm":"1cf89c8a-9b55-4e94-b126-51c1eabd7a04","ts":"2025-09-04T12:17:56.111-04:00","source":{"id":"0","name":"eventBus"}}
{"__type":"$$EventMessageWorkflow","id":"33b010a1-4079-493b-a634-cb270f91eeec","ts":"2025-09-04T12:17:56.113-04:00","eventName":"n8n.workflow.success","message":"n8n.workflow.success","payload":{"userId":"3de95d2c-7687-4d10-889b-3eb871e0a87f","executionId":"11","success":true,"isManual":true,"workflowId":"s2HI0UEGJFRJkL6d","workflowName":"My workflow"}}
{"__type":"$$EventMessageConfirm","confirm":"33b010a1-4079-493b-a634-cb270f91eeec","ts":"2025-09-04T12:17:56.113-04:00","source":{"id":"0","name":"eventBus"}}
{"__type":"$$EventMessageAudit","id":"dfe2c8ab-5025-4fd6-91ca-5f6ea305a461","ts":"2025-09-04T12:25:19.513-04:00","eventName":"n8n.audit.user.credentials.created","message":"n8n.audit.user.credentials.created","payload":{"userId":"3de95d2c-7687-4d10-889b-3eb871e0a87f","_email":"notguy47@gmail.com","_firstName":"Guy","_lastName":"Cod","globalRole":"global:owner","credentialType":"gmailOAuth2","credentialId":"JQmwacCOHPLxlSqI","publicApi":false,"projectId":"H5qR5xneKzMcCDhT","projectType":"personal"}}
{"__type":"$$EventMessageConfirm","confirm":"dfe2c8ab-5025-4fd6-91ca-5f6ea305a461","ts":"2025-09-04T12:25:19.514-04:00","source":{"id":"0","name":"eventBus"}}
{"__type":"$$EventMessageAudit","id":"d1902e4e-f14e-408e-b566-0825487118af","ts":"2025-09-04T12:27:37.799-04:00","eventName":"n8n.audit.user.credentials.updated","message":"n8n.audit.user.credentials.updated","payload":{"userId":"3de95d2c-7687-4d10-889b-3eb871e0a87f","_email":"notguy47@gmail.com","_firstName":"Guy","_lastName":"Cod","globalRole":"global:owner","credentialType":"gmailOAuth2","credentialId":"JQmwacCOHPLxlSqI"}}
{"__type":"$$EventMessageConfirm","confirm":"d1902e4e-f14e-408e-b566-0825487118af","ts":"2025-09-04T12:27:37.799-04:00","source":{"id":"0","name":"eventBus"}}
{"__type":"$$EventMessageAudit","id":"d880f40d-20af-4a60-915f-23393ae89b48","ts":"2025-09-04T12:28:18.681-04:00","eventName":"n8n.audit.user.credentials.updated","message":"n8n.audit.user.credentials.updated","payload":{"userId":"3de95d2c-7687-4d10-889b-3eb871e0a87f","_email":"notguy47@gmail.com","_firstName":"Guy","_lastName":"Cod","globalRole":"global:owner","credentialType":"gmailOAuth2","credentialId":"JQmwacCOHPLxlSqI"}}
{"__type":"$$EventMessageConfirm","confirm":"d880f40d-20af-4a60-915f-23393ae89b48","ts":"2025-09-04T12:28:18.682-04:00","source":{"id":"0","name":"eventBus"}}
{"__type":"$$EventMessageAudit","id":"96e17298-7ef2-4738-b61a-694673ab1a19","ts":"2025-09-04T12:30:09.248-04:00","eventName":"n8n.audit.user.credentials.updated","message":"n8n.audit.user.credentials.updated","payload":{"userId":"3de95d2c-7687-4d10-889b-3eb871e0a87f","_email":"notguy47@gmail.com","_firstName":"Guy","_lastName":"Cod","globalRole":"global:owner","credentialType":"gmailOAuth2","credentialId":"JQmwacCOHPLxlSqI"}}
{"__type":"$$EventMessageConfirm","confirm":"96e17298-7ef2-4738-b61a-694673ab1a19","ts":"2025-09-04T12:30:09.249-04:00","source":{"id":"0","name":"eventBus"}}
{"__type":"$$EventMessageWorkflow","id":"fb6a1e44-2c31-410e-acfb-a046061b0135","ts":"2025-09-04T12:31:01.932-04:00","eventName":"n8n.workflow.started","message":"n8n.workflow.started","payload":{"executionId":"12","workflowId":"s2HI0UEGJFRJkL6d","isManual":false,"workflowName":"My workflow"}}
{"__type":"$$EventMessageConfirm","confirm":"fb6a1e44-2c31-410e-acfb-a046061b0135","ts":"2025-09-04T12:31:01.933-04:00","source":{"id":"0","name":"eventBus"}}
{"__type":"$$EventMessageNode","id":"bf283d29-06eb-47ac-8fbd-b281da98a70a","ts":"2025-09-04T12:31:01.934-04:00","eventName":"n8n.node.started","message":"n8n.node.started","payload":{"workflowId":"s2HI0UEGJFRJkL6d","workflowName":"My workflow","executionId":"12","nodeType":"n8n-nodes-base.gmail","nodeName":"Send a message","nodeId":"98f7f80b-7260-4c1f-adf0-04c757708bc4"}}
{"__type":"$$EventMessageConfirm","confirm":"bf283d29-06eb-47ac-8fbd-b281da98a70a","ts":"2025-09-04T12:31:01.934-04:00","source":{"id":"0","name":"eventBus"}}
{"__type":"$$EventMessageNode","id":"977fbc1d-57cb-4b90-b790-6b3e1f296706","ts":"2025-09-04T12:31:03.009-04:00","eventName":"n8n.node.finished","message":"n8n.node.finished","payload":{"workflowId":"s2HI0UEGJFRJkL6d","workflowName":"My workflow","executionId":"12","nodeType":"n8n-nodes-base.gmail","nodeName":"Send a message","nodeId":"98f7f80b-7260-4c1f-adf0-04c757708bc4"}}
{"__type":"$$EventMessageConfirm","confirm":"977fbc1d-57cb-4b90-b790-6b3e1f296706","ts":"2025-09-04T12:31:03.009-04:00","source":{"id":"0","name":"eventBus"}}
{"__type":"$$EventMessageWorkflow","id":"1430de70-2019-4abc-9c5b-3832406e4fc6","ts":"2025-09-04T12:31:03.012-04:00","eventName":"n8n.workflow.success","message":"n8n.workflow.success","payload":{"userId":"3de95d2c-7687-4d10-889b-3eb871e0a87f","executionId":"12","success":true,"isManual":true,"workflowId":"s2HI0UEGJFRJkL6d","workflowName":"My workflow"}}
{"__type":"$$EventMessageConfirm","confirm":"1430de70-2019-4abc-9c5b-3832406e4fc6","ts":"2025-09-04T12:31:03.012-04:00","source":{"id":"0","name":"eventBus"}}
{"__type":"$$EventMessageAudit","id":"f6939fa9-b9b5-4882-8b25-ce0d43ed1951","ts":"2025-09-04T12:31:56.286-04:00","eventName":"n8n.audit.workflow.updated","message":"n8n.audit.workflow.updated","payload":{"userId":"3de95d2c-7687-4d10-889b-3eb871e0a87f","_email":"notguy47@gmail.com","_firstName":"Guy","_lastName":"Cod","globalRole":"global:owner","workflowId":"s2HI0UEGJFRJkL6d","workflowName":"My workflow"}}
{"__type":"$$EventMessageConfirm","confirm":"f6939fa9-b9b5-4882-8b25-ce0d43ed1951","ts":"2025-09-04T12:31:56.287-04:00","source":{"id":"0","name":"eventBus"}}
{"__type":"$$EventMessageAudit","id":"cec147a3-b9bd-459f-b342-d40740620ba2","ts":"2025-09-04T12:33:52.238-04:00","eventName":"n8n.audit.workflow.created","message":"n8n.audit.workflow.created","payload":{"userId":"3de95d2c-7687-4d10-889b-3eb871e0a87f","_email":"notguy47@gmail.com","_firstName":"Guy","_lastName":"Cod","globalRole":"global:owner","workflowId":"RRgkT2oXOvowqHL8","workflowName":"Get OAU details"}}
{"__type":"$$EventMessageConfirm","confirm":"cec147a3-b9bd-459f-b342-d40740620ba2","ts":"2025-09-04T12:33:52.238-04:00","source":{"id":"0","name":"eventBus"}}
{"__type":"$$EventMessageAudit","id":"a83d6a29-72c1-4bd3-9f58-af5089ca35b1","ts":"2025-09-04T12:50:10.989-04:00","eventName":"n8n.audit.user.credentials.created","message":"n8n.audit.user.credentials.created","payload":{"userId":"3de95d2c-7687-4d10-889b-3eb871e0a87f","_email":"notguy47@gmail.com","_firstName":"Guy","_lastName":"Cod","globalRole":"global:owner","credentialType":"googleSheetsTriggerOAuth2Api","credentialId":"11zKHPGIvCn2uEWN","publicApi":false,"projectId":"H5qR5xneKzMcCDhT","projectType":"personal"}}
{"__type":"$$EventMessageConfirm","confirm":"a83d6a29-72c1-4bd3-9f58-af5089ca35b1","ts":"2025-09-04T12:50:10.989-04:00","source":{"id":"0","name":"eventBus"}}
{"__type":"$$EventMessageAudit","id":"5fc86c3c-fbaa-4955-80e5-db0bd633fb49","ts":"2025-09-04T12:50:42.627-04:00","eventName":"n8n.audit.user.credentials.updated","message":"n8n.audit.user.credentials.updated","payload":{"userId":"3de95d2c-7687-4d10-889b-3eb871e0a87f","_email":"notguy47@gmail.com","_firstName":"Guy","_lastName":"Cod","globalRole":"global:owner","credentialType":"googleSheetsTriggerOAuth2Api","credentialId":"11zKHPGIvCn2uEWN"}}
{"__type":"$$EventMessageConfirm","confirm":"5fc86c3c-fbaa-4955-80e5-db0bd633fb49","ts":"2025-09-04T12:50:42.628-04:00","source":{"id":"0","name":"eventBus"}}
{"__type":"$$EventMessageAudit","id":"fa9fec75-8b13-41a7-9497-e4e53339b675","ts":"2025-09-04T12:52:05.892-04:00","eventName":"n8n.audit.workflow.updated","message":"n8n.audit.workflow.updated","payload":{"userId":"3de95d2c-7687-4d10-889b-3eb871e0a87f","_email":"notguy47@gmail.com","_firstName":"Guy","_lastName":"Cod","globalRole":"global:owner","workflowId":"RRgkT2oXOvowqHL8","workflowName":"Get OAU details"}}
{"__type":"$$EventMessageConfirm","confirm":"fa9fec75-8b13-41a7-9497-e4e53339b675","ts":"2025-09-04T12:52:05.892-04:00","source":{"id":"0","name":"eventBus"}}
{"__type":"$$EventMessageWorkflow","id":"f7eaa4ef-63b1-4f63-ab60-4353440aa01a","ts":"2025-09-04T12:56:28.526-04:00","eventName":"n8n.workflow.started","message":"n8n.workflow.started","payload":{"executionId":"13","workflowId":"RRgkT2oXOvowqHL8","isManual":false,"workflowName":"Get OAU details"}}
{"__type":"$$EventMessageConfirm","confirm":"f7eaa4ef-63b1-4f63-ab60-4353440aa01a","ts":"2025-09-04T12:56:28.526-04:00","source":{"id":"0","name":"eventBus"}}
{"__type":"$$EventMessageNode","id":"9c091e46-43ad-4244-bb5e-908b226b9abd","ts":"2025-09-04T12:56:28.527-04:00","eventName":"n8n.node.started","message":"n8n.node.started","payload":{"workflowId":"RRgkT2oXOvowqHL8","workflowName":"Get OAU details","executionId":"13","nodeType":"n8n-nodes-base.googleSheetsTrigger","nodeName":"Google Sheets Trigger","nodeId":"9af8e78c-cf23-4f63-8e29-f78d84918139"}}
{"__type":"$$EventMessageConfirm","confirm":"9c091e46-43ad-4244-bb5e-908b226b9abd","ts":"2025-09-04T12:56:28.527-04:00","source":{"id":"0","name":"eventBus"}}
{"__type":"$$EventMessageWorkflow","id":"c112b114-4c13-43f6-aa87-669536c74958","ts":"2025-09-04T12:56:31.919-04:00","eventName":"n8n.workflow.success","message":"n8n.workflow.success","payload":{"userId":"3de95d2c-7687-4d10-889b-3eb871e0a87f","executionId":"13","success":true,"isManual":true,"workflowId":"RRgkT2oXOvowqHL8","workflowName":"Get OAU details"}}
{"__type":"$$EventMessageConfirm","confirm":"c112b114-4c13-43f6-aa87-669536c74958","ts":"2025-09-04T12:56:31.920-04:00","source":{"id":"0","name":"eventBus"}}
{"__type":"$$EventMessageWorkflow","id":"fce5d5a5-ef64-46f8-88e3-5933f8edb281","ts":"2025-09-04T12:56:59.004-04:00","eventName":"n8n.workflow.started","message":"n8n.workflow.started","payload":{"executionId":"14","workflowId":"RRgkT2oXOvowqHL8","isManual":false,"workflowName":"Get OAU details"}}
{"__type":"$$EventMessageConfirm","confirm":"fce5d5a5-ef64-46f8-88e3-5933f8edb281","ts":"2025-09-04T12:56:59.005-04:00","source":{"id":"0","name":"eventBus"}}
{"__type":"$$EventMessageNode","id":"e63678d5-d8e9-4335-b43e-44d8ffd69a4c","ts":"2025-09-04T12:56:59.006-04:00","eventName":"n8n.node.started","message":"n8n.node.started","payload":{"workflowId":"RRgkT2oXOvowqHL8","workflowName":"Get OAU details","executionId":"14","nodeType":"n8n-nodes-base.googleSheetsTrigger","nodeName":"Google Sheets Trigger","nodeId":"9af8e78c-cf23-4f63-8e29-f78d84918139"}}
{"__type":"$$EventMessageConfirm","confirm":"e63678d5-d8e9-4335-b43e-44d8ffd69a4c","ts":"2025-09-04T12:56:59.007-04:00","source":{"id":"0","name":"eventBus"}}
{"__type":"$$EventMessageNode","id":"b7141f32-0ad7-44bd-b1da-ceeb1d713b4b","ts":"2025-09-04T12:57:02.437-04:00","eventName":"n8n.node.finished","message":"n8n.node.finished","payload":{"workflowId":"RRgkT2oXOvowqHL8","workflowName":"Get OAU details","executionId":"14","nodeType":"n8n-nodes-base.googleSheetsTrigger","nodeName":"Google Sheets Trigger","nodeId":"9af8e78c-cf23-4f63-8e29-f78d84918139"}}
{"__type":"$$EventMessageConfirm","confirm":"b7141f32-0ad7-44bd-b1da-ceeb1d713b4b","ts":"2025-09-04T12:57:02.438-04:00","source":{"id":"0","name":"eventBus"}}
{"__type":"$$EventMessageWorkflow","id":"36854de2-8683-4d97-8602-d422da0be8a1","ts":"2025-09-04T12:57:02.439-04:00","eventName":"n8n.workflow.success","message":"n8n.workflow.success","payload":{"userId":"3de95d2c-7687-4d10-889b-3eb871e0a87f","executionId":"14","success":true,"isManual":true,"workflowId":"RRgkT2oXOvowqHL8","workflowName":"Get OAU details"}}
{"__type":"$$EventMessageConfirm","confirm":"36854de2-8683-4d97-8602-d422da0be8a1","ts":"2025-09-04T12:57:02.440-04:00","source":{"id":"0","name":"eventBus"}}
{"__type":"$$EventMessageAudit","id":"37c4d3ae-c198-4b54-a647-01556ff83f13","ts":"2025-09-04T12:58:01.416-04:00","eventName":"n8n.audit.workflow.updated","message":"n8n.audit.workflow.updated","payload":{"userId":"3de95d2c-7687-4d10-889b-3eb871e0a87f","_email":"notguy47@gmail.com","_firstName":"Guy","_lastName":"Cod","globalRole":"global:owner","workflowId":"RRgkT2oXOvowqHL8","workflowName":"Get OAU details"}}
{"__type":"$$EventMessageConfirm","confirm":"37c4d3ae-c198-4b54-a647-01556ff83f13","ts":"2025-09-04T12:58:01.417-04:00","source":{"id":"0","name":"eventBus"}}
{"__type":"$$EventMessageAudit","id":"aea6e479-4125-4a21-924b-b6f5586575f0","ts":"2025-09-04T12:58:15.834-04:00","eventName":"n8n.audit.workflow.updated","message":"n8n.audit.workflow.updated","payload":{"userId":"3de95d2c-7687-4d10-889b-3eb871e0a87f","_email":"notguy47@gmail.com","_firstName":"Guy","_lastName":"Cod","globalRole":"global:owner","workflowId":"RRgkT2oXOvowqHL8","workflowName":"Get OAU details"}}
{"__type":"$$EventMessageConfirm","confirm":"aea6e479-4125-4a21-924b-b6f5586575f0","ts":"2025-09-04T12:58:15.834-04:00","source":{"id":"0","name":"eventBus"}}
{"__type":"$$EventMessageWorkflow","id":"20a877ce-836f-4287-9a92-fcf518f189f6","ts":"2025-09-04T13:00:45.536-04:00","eventName":"n8n.workflow.started","message":"n8n.workflow.started","payload":{"executionId":"15","workflowId":"RRgkT2oXOvowqHL8","isManual":false,"workflowName":"Get OAU details"}}
{"__type":"$$EventMessageConfirm","confirm":"20a877ce-836f-4287-9a92-fcf518f189f6","ts":"2025-09-04T13:00:45.536-04:00","source":{"id":"0","name":"eventBus"}}
{"__type":"$$EventMessageNode","id":"b22cbf02-9add-4aa9-b11b-49664e073f6f","ts":"2025-09-04T13:00:45.537-04:00","eventName":"n8n.node.started","message":"n8n.node.started","payload":{"workflowId":"RRgkT2oXOvowqHL8","workflowName":"Get OAU details","executionId":"15","nodeType":"n8n-nodes-base.if","nodeName":"If","nodeId":"a54c8525-d50b-4b9e-befb-92ad6e1c67bc"}}
{"__type":"$$EventMessageConfirm","confirm":"b22cbf02-9add-4aa9-b11b-49664e073f6f","ts":"2025-09-04T13:00:45.537-04:00","source":{"id":"0","name":"eventBus"}}
{"__type":"$$EventMessageNode","id":"eb89808c-978f-4222-9021-ead7fe1844d1","ts":"2025-09-04T13:00:45.560-04:00","eventName":"n8n.node.finished","message":"n8n.node.finished","payload":{"workflowId":"RRgkT2oXOvowqHL8","workflowName":"Get OAU details","executionId":"15","nodeType":"n8n-nodes-base.if","nodeName":"If","nodeId":"a54c8525-d50b-4b9e-befb-92ad6e1c67bc"}}
{"__type":"$$EventMessageConfirm","confirm":"eb89808c-978f-4222-9021-ead7fe1844d1","ts":"2025-09-04T13:00:45.560-04:00","source":{"id":"0","name":"eventBus"}}
{"__type":"$$EventMessageWorkflow","id":"9e9721d8-fd21-448a-88b8-533b65ffc9a8","ts":"2025-09-04T13:00:45.563-04:00","eventName":"n8n.workflow.success","message":"n8n.workflow.success","payload":{"userId":"3de95d2c-7687-4d10-889b-3eb871e0a87f","executionId":"15","success":true,"isManual":true,"workflowId":"RRgkT2oXOvowqHL8","workflowName":"Get OAU details"}}
{"__type":"$$EventMessageConfirm","confirm":"9e9721d8-fd21-448a-88b8-533b65ffc9a8","ts":"2025-09-04T13:00:45.563-04:00","source":{"id":"0","name":"eventBus"}}
{"__type":"$$EventMessageWorkflow","id":"507d9588-ae65-44ac-8e6a-4571de89666a","ts":"2025-09-04T13:03:31.992-04:00","eventName":"n8n.workflow.started","message":"n8n.workflow.started","payload":{"executionId":"16","workflowId":"RRgkT2oXOvowqHL8","isManual":false,"workflowName":"Get OAU details"}}
{"__type":"$$EventMessageConfirm","confirm":"507d9588-ae65-44ac-8e6a-4571de89666a","ts":"2025-09-04T13:03:31.992-04:00","source":{"id":"0","name":"eventBus"}}
{"__type":"$$EventMessageNode","id":"b7a9f9b0-1e3d-4bf3-a821-8967c5b89beb","ts":"2025-09-04T13:03:31.995-04:00","eventName":"n8n.node.started","message":"n8n.node.started","payload":{"workflowId":"RRgkT2oXOvowqHL8","workflowName":"Get OAU details","executionId":"16","nodeType":"n8n-nodes-base.code","nodeName":"OAU message","nodeId":"03bfeef0-9b54-4901-9d28-3ebb14649bb5"}}
{"__type":"$$EventMessageConfirm","confirm":"b7a9f9b0-1e3d-4bf3-a821-8967c5b89beb","ts":"2025-09-04T13:03:31.995-04:00","source":{"id":"0","name":"eventBus"}}
{"__type":"$$EventMessageNode","id":"465c46e4-543b-43a1-ab17-d58dcb84c244","ts":"2025-09-04T13:03:32.037-04:00","eventName":"n8n.node.finished","message":"n8n.node.finished","payload":{"workflowId":"RRgkT2oXOvowqHL8","workflowName":"Get OAU details","executionId":"16","nodeType":"n8n-nodes-base.code","nodeName":"OAU message","nodeId":"03bfeef0-9b54-4901-9d28-3ebb14649bb5"}}
{"__type":"$$EventMessageConfirm","confirm":"465c46e4-543b-43a1-ab17-d58dcb84c244","ts":"2025-09-04T13:03:32.037-04:00","source":{"id":"0","name":"eventBus"}}
{"__type":"$$EventMessageWorkflow","id":"c4831771-06fa-4f04-9ce7-3c78f1c212d2","ts":"2025-09-04T13:03:32.041-04:00","eventName":"n8n.workflow.success","message":"n8n.workflow.success","payload":{"userId":"3de95d2c-7687-4d10-889b-3eb871e0a87f","executionId":"16","success":true,"isManual":true,"workflowId":"RRgkT2oXOvowqHL8","workflowName":"Get OAU details"}}
{"__type":"$$EventMessageConfirm","confirm":"c4831771-06fa-4f04-9ce7-3c78f1c212d2","ts":"2025-09-04T13:03:32.041-04:00","source":{"id":"0","name":"eventBus"}}
{"__type":"$$EventMessageWorkflow","id":"a402f1c2-cc23-4e35-83a9-3c16e483591f","ts":"2025-09-04T13:03:51.742-04:00","eventName":"n8n.workflow.started","message":"n8n.workflow.started","payload":{"executionId":"17","workflowId":"RRgkT2oXOvowqHL8","isManual":false,"workflowName":"Get OAU details"}}
{"__type":"$$EventMessageConfirm","confirm":"a402f1c2-cc23-4e35-83a9-3c16e483591f","ts":"2025-09-04T13:03:51.742-04:00","source":{"id":"0","name":"eventBus"}}
{"__type":"$$EventMessageNode","id":"30cae034-88c2-4962-8304-3c8f3cccd664","ts":"2025-09-04T13:03:51.744-04:00","eventName":"n8n.node.started","message":"n8n.node.started","payload":{"workflowId":"RRgkT2oXOvowqHL8","workflowName":"Get OAU details","executionId":"17","nodeType":"n8n-nodes-base.code","nodeName":"OAU message","nodeId":"03bfeef0-9b54-4901-9d28-3ebb14649bb5"}}
{"__type":"$$EventMessageConfirm","confirm":"30cae034-88c2-4962-8304-3c8f3cccd664","ts":"2025-09-04T13:03:51.744-04:00","source":{"id":"0","name":"eventBus"}}
{"__type":"$$EventMessageNode","id":"84f195c9-3ae2-4fae-831b-9c671b02578a","ts":"2025-09-04T13:03:51.757-04:00","eventName":"n8n.node.finished","message":"n8n.node.finished","payload":{"workflowId":"RRgkT2oXOvowqHL8","workflowName":"Get OAU details","executionId":"17","nodeType":"n8n-nodes-base.code","nodeName":"OAU message","nodeId":"03bfeef0-9b54-4901-9d28-3ebb14649bb5"}}
{"__type":"$$EventMessageConfirm","confirm":"84f195c9-3ae2-4fae-831b-9c671b02578a","ts":"2025-09-04T13:03:51.757-04:00","source":{"id":"0","name":"eventBus"}}
{"__type":"$$EventMessageWorkflow","id":"28d569e6-c889-42a9-9966-f1e31fb309f5","ts":"2025-09-04T13:03:51.759-04:00","eventName":"n8n.workflow.success","message":"n8n.workflow.success","payload":{"userId":"3de95d2c-7687-4d10-889b-3eb871e0a87f","executionId":"17","success":true,"isManual":true,"workflowId":"RRgkT2oXOvowqHL8","workflowName":"Get OAU details"}}
{"__type":"$$EventMessageConfirm","confirm":"28d569e6-c889-42a9-9966-f1e31fb309f5","ts":"2025-09-04T13:03:51.759-04:00","source":{"id":"0","name":"eventBus"}}
{"__type":"$$EventMessageWorkflow","id":"4bd450d6-65fd-4c65-b1d5-9ca3775552c0","ts":"2025-09-04T13:03:57.301-04:00","eventName":"n8n.workflow.started","message":"n8n.workflow.started","payload":{"executionId":"18","workflowId":"RRgkT2oXOvowqHL8","isManual":false,"workflowName":"Get OAU details"}}
{"__type":"$$EventMessageConfirm","confirm":"4bd450d6-65fd-4c65-b1d5-9ca3775552c0","ts":"2025-09-04T13:03:57.301-04:00","source":{"id":"0","name":"eventBus"}}
{"__type":"$$EventMessageNode","id":"6bbaeeda-91d1-4dd3-ab91-2e2d858c9ba1","ts":"2025-09-04T13:03:57.302-04:00","eventName":"n8n.node.started","message":"n8n.node.started","payload":{"workflowId":"RRgkT2oXOvowqHL8","workflowName":"Get OAU details","executionId":"18","nodeType":"n8n-nodes-base.code","nodeName":"OAU message","nodeId":"03bfeef0-9b54-4901-9d28-3ebb14649bb5"}}
{"__type":"$$EventMessageConfirm","confirm":"6bbaeeda-91d1-4dd3-ab91-2e2d858c9ba1","ts":"2025-09-04T13:03:57.302-04:00","source":{"id":"0","name":"eventBus"}}
{"__type":"$$EventMessageNode","id":"73d37c6e-aaf0-43d8-a4c7-ebfb07e0ad1b","ts":"2025-09-04T13:03:57.313-04:00","eventName":"n8n.node.finished","message":"n8n.node.finished","payload":{"workflowId":"RRgkT2oXOvowqHL8","workflowName":"Get OAU details","executionId":"18","nodeType":"n8n-nodes-base.code","nodeName":"OAU message","nodeId":"03bfeef0-9b54-4901-9d28-3ebb14649bb5"}}
{"__type":"$$EventMessageConfirm","confirm":"73d37c6e-aaf0-43d8-a4c7-ebfb07e0ad1b","ts":"2025-09-04T13:03:57.313-04:00","source":{"id":"0","name":"eventBus"}}
{"__type":"$$EventMessageWorkflow","id":"a2b141e5-d979-4892-9778-7295e1a6605c","ts":"2025-09-04T13:03:57.317-04:00","eventName":"n8n.workflow.failed","message":"n8n.workflow.failed","payload":{"userId":"3de95d2c-7687-4d10-889b-3eb871e0a87f","executionId":"18","success":false,"isManual":true,"workflowId":"RRgkT2oXOvowqHL8","workflowName":"Get OAU details","lastNodeExecuted":"OAU message","errorNodeType":"n8n-nodes-base.code","errorMessage":"Unexpected token '.' [line 1]"}}
{"__type":"$$EventMessageConfirm","confirm":"a2b141e5-d979-4892-9778-7295e1a6605c","ts":"2025-09-04T13:03:57.317-04:00","source":{"id":"0","name":"eventBus"}}
{"__type":"$$EventMessageWorkflow","id":"b0700cdc-0729-4d2f-b6ac-f8c5d03279e1","ts":"2025-09-04T13:06:11.096-04:00","eventName":"n8n.workflow.started","message":"n8n.workflow.started","payload":{"executionId":"19","workflowId":"RRgkT2oXOvowqHL8","isManual":false,"workflowName":"Get OAU details"}}
{"__type":"$$EventMessageConfirm","confirm":"b0700cdc-0729-4d2f-b6ac-f8c5d03279e1","ts":"2025-09-04T13:06:11.100-04:00","source":{"id":"0","name":"eventBus"}}
{"__type":"$$EventMessageNode","id":"3059549d-c9c1-43ca-8118-3469cee3d330","ts":"2025-09-04T13:06:11.101-04:00","eventName":"n8n.node.started","message":"n8n.node.started","payload":{"workflowId":"RRgkT2oXOvowqHL8","workflowName":"Get OAU details","executionId":"19","nodeType":"n8n-nodes-base.code","nodeName":"OAU message","nodeId":"03bfeef0-9b54-4901-9d28-3ebb14649bb5"}}
{"__type":"$$EventMessageConfirm","confirm":"3059549d-c9c1-43ca-8118-3469cee3d330","ts":"2025-09-04T13:06:11.101-04:00","source":{"id":"0","name":"eventBus"}}
{"__type":"$$EventMessageNode","id":"612f18b0-98d9-413d-b0aa-87d855883bce","ts":"2025-09-04T13:06:11.126-04:00","eventName":"n8n.node.finished","message":"n8n.node.finished","payload":{"workflowId":"RRgkT2oXOvowqHL8","workflowName":"Get OAU details","executionId":"19","nodeType":"n8n-nodes-base.code","nodeName":"OAU message","nodeId":"03bfeef0-9b54-4901-9d28-3ebb14649bb5"}}
{"__type":"$$EventMessageConfirm","confirm":"612f18b0-98d9-413d-b0aa-87d855883bce","ts":"2025-09-04T13:06:11.130-04:00","source":{"id":"0","name":"eventBus"}}
{"__type":"$$EventMessageWorkflow","id":"da057926-0e6e-4dad-a650-6254f19a9c82","ts":"2025-09-04T13:06:11.133-04:00","eventName":"n8n.workflow.success","message":"n8n.workflow.success","payload":{"userId":"3de95d2c-7687-4d10-889b-3eb871e0a87f","executionId":"19","success":true,"isManual":true,"workflowId":"RRgkT2oXOvowqHL8","workflowName":"Get OAU details"}}
{"__type":"$$EventMessageConfirm","confirm":"da057926-0e6e-4dad-a650-6254f19a9c82","ts":"2025-09-04T13:06:11.134-04:00","source":{"id":"0","name":"eventBus"}}
{"__type":"$$EventMessageWorkflow","id":"84337fc0-6c00-4d93-af38-96483984ac5b","ts":"2025-09-04T13:06:25.853-04:00","eventName":"n8n.workflow.started","message":"n8n.workflow.started","payload":{"executionId":"20","workflowId":"RRgkT2oXOvowqHL8","isManual":false,"workflowName":"Get OAU details"}}
{"__type":"$$EventMessageConfirm","confirm":"84337fc0-6c00-4d93-af38-96483984ac5b","ts":"2025-09-04T13:06:25.853-04:00","source":{"id":"0","name":"eventBus"}}
{"__type":"$$EventMessageNode","id":"16cb9997-742d-4e8a-a1ca-d05e77d69deb","ts":"2025-09-04T13:06:25.855-04:00","eventName":"n8n.node.started","message":"n8n.node.started","payload":{"workflowId":"RRgkT2oXOvowqHL8","workflowName":"Get OAU details","executionId":"20","nodeType":"n8n-nodes-base.code","nodeName":"OAU message","nodeId":"03bfeef0-9b54-4901-9d28-3ebb14649bb5"}}
{"__type":"$$EventMessageConfirm","confirm":"16cb9997-742d-4e8a-a1ca-d05e77d69deb","ts":"2025-09-04T13:06:25.855-04:00","source":{"id":"0","name":"eventBus"}}
{"__type":"$$EventMessageNode","id":"2bcfead1-0147-48a0-b008-64be6ff9f7b1","ts":"2025-09-04T13:06:25.865-04:00","eventName":"n8n.node.finished","message":"n8n.node.finished","payload":{"workflowId":"RRgkT2oXOvowqHL8","workflowName":"Get OAU details","executionId":"20","nodeType":"n8n-nodes-base.code","nodeName":"OAU message","nodeId":"03bfeef0-9b54-4901-9d28-3ebb14649bb5"}}
{"__type":"$$EventMessageConfirm","confirm":"2bcfead1-0147-48a0-b008-64be6ff9f7b1","ts":"2025-09-04T13:06:25.865-04:00","source":{"id":"0","name":"eventBus"}}
{"__type":"$$EventMessageWorkflow","id":"43016496-3616-4cfa-8253-5e1d4a310cd5","ts":"2025-09-04T13:06:25.868-04:00","eventName":"n8n.workflow.success","message":"n8n.workflow.success","payload":{"userId":"3de95d2c-7687-4d10-889b-3eb871e0a87f","executionId":"20","success":true,"isManual":true,"workflowId":"RRgkT2oXOvowqHL8","workflowName":"Get OAU details"}}
{"__type":"$$EventMessageConfirm","confirm":"43016496-3616-4cfa-8253-5e1d4a310cd5","ts":"2025-09-04T13:06:25.868-04:00","source":{"id":"0","name":"eventBus"}}
{"__type":"$$EventMessageWorkflow","id":"970f5441-4eac-4d27-b14f-f92b537918cf","ts":"2025-09-04T13:07:41.126-04:00","eventName":"n8n.workflow.started","message":"n8n.workflow.started","payload":{"executionId":"21","workflowId":"RRgkT2oXOvowqHL8","isManual":false,"workflowName":"Get OAU details"}}
{"__type":"$$EventMessageConfirm","confirm":"970f5441-4eac-4d27-b14f-f92b537918cf","ts":"2025-09-04T13:07:41.127-04:00","source":{"id":"0","name":"eventBus"}}
{"__type":"$$EventMessageNode","id":"ec252b60-84c8-4bd6-afe2-d470d215a250","ts":"2025-09-04T13:07:41.127-04:00","eventName":"n8n.node.started","message":"n8n.node.started","payload":{"workflowId":"RRgkT2oXOvowqHL8","workflowName":"Get OAU details","executionId":"21","nodeType":"n8n-nodes-base.code","nodeName":"OAU message","nodeId":"03bfeef0-9b54-4901-9d28-3ebb14649bb5"}}
{"__type":"$$EventMessageConfirm","confirm":"ec252b60-84c8-4bd6-afe2-d470d215a250","ts":"2025-09-04T13:07:41.128-04:00","source":{"id":"0","name":"eventBus"}}
{"__type":"$$EventMessageNode","id":"f6626308-4ade-4086-bd71-b5a2cd2a5fa6","ts":"2025-09-04T13:07:41.151-04:00","eventName":"n8n.node.finished","message":"n8n.node.finished","payload":{"workflowId":"RRgkT2oXOvowqHL8","workflowName":"Get OAU details","executionId":"21","nodeType":"n8n-nodes-base.code","nodeName":"OAU message","nodeId":"03bfeef0-9b54-4901-9d28-3ebb14649bb5"}}
{"__type":"$$EventMessageConfirm","confirm":"f6626308-4ade-4086-bd71-b5a2cd2a5fa6","ts":"2025-09-04T13:07:41.152-04:00","source":{"id":"0","name":"eventBus"}}
{"__type":"$$EventMessageWorkflow","id":"40f5ba25-4a38-4998-a654-2367e903ce6d","ts":"2025-09-04T13:07:41.155-04:00","eventName":"n8n.workflow.success","message":"n8n.workflow.success","payload":{"userId":"3de95d2c-7687-4d10-889b-3eb871e0a87f","executionId":"21","success":true,"isManual":true,"workflowId":"RRgkT2oXOvowqHL8","workflowName":"Get OAU details"}}
{"__type":"$$EventMessageConfirm","confirm":"40f5ba25-4a38-4998-a654-2367e903ce6d","ts":"2025-09-04T13:07:41.155-04:00","source":{"id":"0","name":"eventBus"}}
{"__type":"$$EventMessageWorkflow","id":"d90e287d-c5f8-4018-8d8c-4d45ef1a3c4b","ts":"2025-09-04T13:09:02.005-04:00","eventName":"n8n.workflow.started","message":"n8n.workflow.started","payload":{"executionId":"22","workflowId":"RRgkT2oXOvowqHL8","isManual":false,"workflowName":"Get OAU details"}}
{"__type":"$$EventMessageConfirm","confirm":"d90e287d-c5f8-4018-8d8c-4d45ef1a3c4b","ts":"2025-09-04T13:09:02.006-04:00","source":{"id":"0","name":"eventBus"}}
{"__type":"$$EventMessageNode","id":"775e9631-92ee-4b8d-9251-a24a0932eefb","ts":"2025-09-04T13:09:02.006-04:00","eventName":"n8n.node.started","message":"n8n.node.started","payload":{"workflowId":"RRgkT2oXOvowqHL8","workflowName":"Get OAU details","executionId":"22","nodeType":"n8n-nodes-base.gmail","nodeName":"Send a message","nodeId":"d6420766-db89-4da6-b9b9-b2073d0c6a0c"}}
{"__type":"$$EventMessageConfirm","confirm":"775e9631-92ee-4b8d-9251-a24a0932eefb","ts":"2025-09-04T13:09:02.006-04:00","source":{"id":"0","name":"eventBus"}}
{"__type":"$$EventMessageNode","id":"7b9ccbfe-6a12-4245-8985-48d3554f1510","ts":"2025-09-04T13:09:02.965-04:00","eventName":"n8n.node.finished","message":"n8n.node.finished","payload":{"workflowId":"RRgkT2oXOvowqHL8","workflowName":"Get OAU details","executionId":"22","nodeType":"n8n-nodes-base.gmail","nodeName":"Send a message","nodeId":"d6420766-db89-4da6-b9b9-b2073d0c6a0c"}}
{"__type":"$$EventMessageConfirm","confirm":"7b9ccbfe-6a12-4245-8985-48d3554f1510","ts":"2025-09-04T13:09:02.965-04:00","source":{"id":"0","name":"eventBus"}}
{"__type":"$$EventMessageWorkflow","id":"ed393999-1ea5-42b3-8053-390a866bbc78","ts":"2025-09-04T13:09:02.967-04:00","eventName":"n8n.workflow.success","message":"n8n.workflow.success","payload":{"userId":"3de95d2c-7687-4d10-889b-3eb871e0a87f","executionId":"22","success":true,"isManual":true,"workflowId":"RRgkT2oXOvowqHL8","workflowName":"Get OAU details"}}
{"__type":"$$EventMessageConfirm","confirm":"ed393999-1ea5-42b3-8053-390a866bbc78","ts":"2025-09-04T13:09:02.968-04:00","source":{"id":"0","name":"eventBus"}}
{"__type":"$$EventMessageAudit","id":"127c10ad-e2bb-480e-8b03-9954eebb1d96","ts":"2025-09-04T13:09:24.215-04:00","eventName":"n8n.audit.workflow.updated","message":"n8n.audit.workflow.updated","payload":{"userId":"3de95d2c-7687-4d10-889b-3eb871e0a87f","_email":"notguy47@gmail.com","_firstName":"Guy","_lastName":"Cod","globalRole":"global:owner","workflowId":"RRgkT2oXOvowqHL8","workflowName":"Get OAU details"}}
{"__type":"$$EventMessageConfirm","confirm":"127c10ad-e2bb-480e-8b03-9954eebb1d96","ts":"2025-09-04T13:09:24.215-04:00","source":{"id":"0","name":"eventBus"}}
{"__type":"$$EventMessageAudit","id":"633a85ba-a4f4-43c1-8e7f-5946383780fa","ts":"2025-09-04T13:09:44.519-04:00","eventName":"n8n.audit.workflow.updated","message":"n8n.audit.workflow.updated","payload":{"userId":"3de95d2c-7687-4d10-889b-3eb871e0a87f","_email":"notguy47@gmail.com","_firstName":"Guy","_lastName":"Cod","globalRole":"global:owner","workflowId":"RRgkT2oXOvowqHL8","workflowName":"Get OAU details"}}
{"__type":"$$EventMessageConfirm","confirm":"633a85ba-a4f4-43c1-8e7f-5946383780fa","ts":"2025-09-04T13:09:44.520-04:00","source":{"id":"0","name":"eventBus"}}
{"__type":"$$EventMessageWorkflow","id":"0c24fd57-79e6-4af7-89b3-731342cbd719","ts":"2025-09-04T13:10:14.451-04:00","eventName":"n8n.workflow.started","message":"n8n.workflow.started","payload":{"executionId":"23","workflowId":"RRgkT2oXOvowqHL8","isManual":false,"workflowName":"Get OAU details"}}
{"__type":"$$EventMessageConfirm","confirm":"0c24fd57-79e6-4af7-89b3-731342cbd719","ts":"2025-09-04T13:10:14.451-04:00","source":{"id":"0","name":"eventBus"}}
{"__type":"$$EventMessageNode","id":"c61c5167-f28a-47bc-b388-2cb564165c2a","ts":"2025-09-04T13:10:14.451-04:00","eventName":"n8n.node.started","message":"n8n.node.started","payload":{"workflowId":"RRgkT2oXOvowqHL8","workflowName":"Get OAU details","executionId":"23","nodeType":"n8n-nodes-base.googleSheetsTrigger","nodeName":"Google Sheets Trigger","nodeId":"9af8e78c-cf23-4f63-8e29-f78d84918139"}}
{"__type":"$$EventMessageConfirm","confirm":"c61c5167-f28a-47bc-b388-2cb564165c2a","ts":"2025-09-04T13:10:14.452-04:00","source":{"id":"0","name":"eventBus"}}
{"__type":"$$EventMessageNode","id":"0eb3c5b5-9423-4996-bf93-eda48fd4944c","ts":"2025-09-04T13:10:14.455-04:00","eventName":"n8n.node.finished","message":"n8n.node.finished","payload":{"workflowId":"RRgkT2oXOvowqHL8","workflowName":"Get OAU details","executionId":"23","nodeType":"n8n-nodes-base.googleSheetsTrigger","nodeName":"Google Sheets Trigger","nodeId":"9af8e78c-cf23-4f63-8e29-f78d84918139"}}
{"__type":"$$EventMessageConfirm","confirm":"0eb3c5b5-9423-4996-bf93-eda48fd4944c","ts":"2025-09-04T13:10:14.455-04:00","source":{"id":"0","name":"eventBus"}}
{"__type":"$$EventMessageNode","id":"646ca4b9-cac9-4427-bff2-251dc3257513","ts":"2025-09-04T13:10:14.455-04:00","eventName":"n8n.node.started","message":"n8n.node.started","payload":{"workflowId":"RRgkT2oXOvowqHL8","workflowName":"Get OAU details","executionId":"23","nodeType":"n8n-nodes-base.if","nodeName":"If","nodeId":"a54c8525-d50b-4b9e-befb-92ad6e1c67bc"}}
{"__type":"$$EventMessageConfirm","confirm":"646ca4b9-cac9-4427-bff2-251dc3257513","ts":"2025-09-04T13:10:14.455-04:00","source":{"id":"0","name":"eventBus"}}
{"__type":"$$EventMessageNode","id":"f2a8228b-cebd-43a4-9a3b-b20eb52ac7c3","ts":"2025-09-04T13:10:14.458-04:00","eventName":"n8n.node.finished","message":"n8n.node.finished","payload":{"workflowId":"RRgkT2oXOvowqHL8","workflowName":"Get OAU details","executionId":"23","nodeType":"n8n-nodes-base.if","nodeName":"If","nodeId":"a54c8525-d50b-4b9e-befb-92ad6e1c67bc"}}
{"__type":"$$EventMessageConfirm","confirm":"f2a8228b-cebd-43a4-9a3b-b20eb52ac7c3","ts":"2025-09-04T13:10:14.458-04:00","source":{"id":"0","name":"eventBus"}}
{"__type":"$$EventMessageNode","id":"3f633545-1aed-40e5-a298-17b34af85882","ts":"2025-09-04T13:10:14.459-04:00","eventName":"n8n.node.started","message":"n8n.node.started","payload":{"workflowId":"RRgkT2oXOvowqHL8","workflowName":"Get OAU details","executionId":"23","nodeType":"n8n-nodes-base.code","nodeName":"OAU message","nodeId":"03bfeef0-9b54-4901-9d28-3ebb14649bb5"}}
{"__type":"$$EventMessageConfirm","confirm":"3f633545-1aed-40e5-a298-17b34af85882","ts":"2025-09-04T13:10:14.459-04:00","source":{"id":"0","name":"eventBus"}}
{"__type":"$$EventMessageNode","id":"e0fa09aa-62da-411a-a3da-4ba21054641d","ts":"2025-09-04T13:10:14.476-04:00","eventName":"n8n.node.finished","message":"n8n.node.finished","payload":{"workflowId":"RRgkT2oXOvowqHL8","workflowName":"Get OAU details","executionId":"23","nodeType":"n8n-nodes-base.code","nodeName":"OAU message","nodeId":"03bfeef0-9b54-4901-9d28-3ebb14649bb5"}}
{"__type":"$$EventMessageConfirm","confirm":"e0fa09aa-62da-411a-a3da-4ba21054641d","ts":"2025-09-04T13:10:14.476-04:00","source":{"id":"0","name":"eventBus"}}
{"__type":"$$EventMessageNode","id":"98508ac4-b1ea-46f2-854a-dc8a908b3465","ts":"2025-09-04T13:10:14.476-04:00","eventName":"n8n.node.started","message":"n8n.node.started","payload":{"workflowId":"RRgkT2oXOvowqHL8","workflowName":"Get OAU details","executionId":"23","nodeType":"n8n-nodes-base.gmail","nodeName":"Send a message","nodeId":"d6420766-db89-4da6-b9b9-b2073d0c6a0c"}}
{"__type":"$$EventMessageConfirm","confirm":"98508ac4-b1ea-46f2-854a-dc8a908b3465","ts":"2025-09-04T13:10:14.477-04:00","source":{"id":"0","name":"eventBus"}}
{"__type":"$$EventMessageNode","id":"8b71141f-f8dd-4ccb-a384-c28f5e1039fd","ts":"2025-09-04T13:10:15.401-04:00","eventName":"n8n.node.finished","message":"n8n.node.finished","payload":{"workflowId":"RRgkT2oXOvowqHL8","workflowName":"Get OAU details","executionId":"23","nodeType":"n8n-nodes-base.gmail","nodeName":"Send a message","nodeId":"d6420766-db89-4da6-b9b9-b2073d0c6a0c"}}
{"__type":"$$EventMessageConfirm","confirm":"8b71141f-f8dd-4ccb-a384-c28f5e1039fd","ts":"2025-09-04T13:10:15.401-04:00","source":{"id":"0","name":"eventBus"}}
{"__type":"$$EventMessageWorkflow","id":"a7df4385-9db7-4096-8dd8-3669ea1a1004","ts":"2025-09-04T13:10:15.401-04:00","eventName":"n8n.workflow.success","message":"n8n.workflow.success","payload":{"executionId":"23","success":true,"isManual":false,"workflowId":"RRgkT2oXOvowqHL8","workflowName":"Get OAU details"}}
{"__type":"$$EventMessageConfirm","confirm":"a7df4385-9db7-4096-8dd8-3669ea1a1004","ts":"2025-09-04T13:10:15.401-04:00","source":{"id":"0","name":"eventBus"}}
{"__type":"$$EventMessageWorkflow","id":"6dbddca1-0474-4e32-8de9-f4d043f3288e","ts":"2025-09-04T13:11:14.345-04:00","eventName":"n8n.workflow.started","message":"n8n.workflow.started","payload":{"executionId":"24","workflowId":"RRgkT2oXOvowqHL8","isManual":false,"workflowName":"Get OAU details"}}
{"__type":"$$EventMessageConfirm","confirm":"6dbddca1-0474-4e32-8de9-f4d043f3288e","ts":"2025-09-04T13:11:14.345-04:00","source":{"id":"0","name":"eventBus"}}
{"__type":"$$EventMessageNode","id":"6100c97d-46d3-49f7-9770-2ed74be21d2b","ts":"2025-09-04T13:11:14.346-04:00","eventName":"n8n.node.started","message":"n8n.node.started","payload":{"workflowId":"RRgkT2oXOvowqHL8","workflowName":"Get OAU details","executionId":"24","nodeType":"n8n-nodes-base.googleSheetsTrigger","nodeName":"Google Sheets Trigger","nodeId":"9af8e78c-cf23-4f63-8e29-f78d84918139"}}
{"__type":"$$EventMessageConfirm","confirm":"6100c97d-46d3-49f7-9770-2ed74be21d2b","ts":"2025-09-04T13:11:14.346-04:00","source":{"id":"0","name":"eventBus"}}
{"__type":"$$EventMessageNode","id":"10b88a41-839f-4d09-9fe9-abbf513e28fa","ts":"2025-09-04T13:11:14.347-04:00","eventName":"n8n.node.finished","message":"n8n.node.finished","payload":{"workflowId":"RRgkT2oXOvowqHL8","workflowName":"Get OAU details","executionId":"24","nodeType":"n8n-nodes-base.googleSheetsTrigger","nodeName":"Google Sheets Trigger","nodeId":"9af8e78c-cf23-4f63-8e29-f78d84918139"}}
{"__type":"$$EventMessageConfirm","confirm":"10b88a41-839f-4d09-9fe9-abbf513e28fa","ts":"2025-09-04T13:11:14.347-04:00","source":{"id":"0","name":"eventBus"}}
{"__type":"$$EventMessageNode","id":"39d39214-4fe2-4f13-8e6a-064d9e0f03ba","ts":"2025-09-04T13:11:14.347-04:00","eventName":"n8n.node.started","message":"n8n.node.started","payload":{"workflowId":"RRgkT2oXOvowqHL8","workflowName":"Get OAU details","executionId":"24","nodeType":"n8n-nodes-base.if","nodeName":"If","nodeId":"a54c8525-d50b-4b9e-befb-92ad6e1c67bc"}}
{"__type":"$$EventMessageConfirm","confirm":"39d39214-4fe2-4f13-8e6a-064d9e0f03ba","ts":"2025-09-04T13:11:14.348-04:00","source":{"id":"0","name":"eventBus"}}
{"__type":"$$EventMessageNode","id":"307a8322-f0e1-4bdd-b110-b315daa99805","ts":"2025-09-04T13:11:14.349-04:00","eventName":"n8n.node.finished","message":"n8n.node.finished","payload":{"workflowId":"RRgkT2oXOvowqHL8","workflowName":"Get OAU details","executionId":"24","nodeType":"n8n-nodes-base.if","nodeName":"If","nodeId":"a54c8525-d50b-4b9e-befb-92ad6e1c67bc"}}
{"__type":"$$EventMessageConfirm","confirm":"307a8322-f0e1-4bdd-b110-b315daa99805","ts":"2025-09-04T13:11:14.349-04:00","source":{"id":"0","name":"eventBus"}}
{"__type":"$$EventMessageNode","id":"a60c39b2-2cd9-4b0f-b5a3-30493b6f5794","ts":"2025-09-04T13:11:14.350-04:00","eventName":"n8n.node.started","message":"n8n.node.started","payload":{"workflowId":"RRgkT2oXOvowqHL8","workflowName":"Get OAU details","executionId":"24","nodeType":"n8n-nodes-base.noOp","nodeName":"No Operation, do nothing","nodeId":"8f2eaf77-19a6-497e-8a2c-b00696d00be2"}}
{"__type":"$$EventMessageConfirm","confirm":"a60c39b2-2cd9-4b0f-b5a3-30493b6f5794","ts":"2025-09-04T13:11:14.350-04:00","source":{"id":"0","name":"eventBus"}}
{"__type":"$$EventMessageNode","id":"6d338a19-6205-40cd-b77d-d97945482723","ts":"2025-09-04T13:11:14.350-04:00","eventName":"n8n.node.finished","message":"n8n.node.finished","payload":{"workflowId":"RRgkT2oXOvowqHL8","workflowName":"Get OAU details","executionId":"24","nodeType":"n8n-nodes-base.noOp","nodeName":"No Operation, do nothing","nodeId":"8f2eaf77-19a6-497e-8a2c-b00696d00be2"}}
{"__type":"$$EventMessageConfirm","confirm":"6d338a19-6205-40cd-b77d-d97945482723","ts":"2025-09-04T13:11:14.350-04:00","source":{"id":"0","name":"eventBus"}}
{"__type":"$$EventMessageWorkflow","id":"bb9bbaf8-b3bf-4536-bcf3-95b257ddbe78","ts":"2025-09-04T13:11:14.350-04:00","eventName":"n8n.workflow.success","message":"n8n.workflow.success","payload":{"executionId":"24","success":true,"isManual":false,"workflowId":"RRgkT2oXOvowqHL8","workflowName":"Get OAU details"}}
{"__type":"$$EventMessageConfirm","confirm":"bb9bbaf8-b3bf-4536-bcf3-95b257ddbe78","ts":"2025-09-04T13:11:14.350-04:00","source":{"id":"0","name":"eventBus"}}
