{"__type":"$$EventMessageAudit","id":"2a848115-f4cf-497c-8a49-dcbe71975c4c","ts":"2025-09-06T23:38:27.751+00:00","eventName":"n8n.audit.user.credentials.created","message":"n8n.audit.user.credentials.created","payload":{"userId":"3de95d2c-7687-4d10-889b-3eb871e0a87f","_email":"notguy47@gmail.com","_firstName":"Guy","_lastName":"Cod","globalRole":"global:owner","credentialType":"googleSheetsOAuth2Api","credentialId":"LuaEs8r17hjHKmkl","publicApi":false,"projectId":"H5qR5xneKzMcCDhT","projectType":"personal"}}
{"__type":"$$EventMessageConfirm","confirm":"2a848115-f4cf-497c-8a49-dcbe71975c4c","ts":"2025-09-06T23:38:27.751+00:00","source":{"id":"0","name":"eventBus"}}
{"__type":"$$EventMessageAudit","id":"186e562b-9fb7-407e-bb3a-abdf10829516","ts":"2025-09-06T23:43:45.249+00:00","eventName":"n8n.audit.user.credentials.updated","message":"n8n.audit.user.credentials.updated","payload":{"userId":"3de95d2c-7687-4d10-889b-3eb871e0a87f","_email":"notguy47@gmail.com","_firstName":"Guy","_lastName":"Cod","globalRole":"global:owner","credentialType":"googleSheetsOAuth2Api","credentialId":"LuaEs8r17hjHKmkl"}}
{"__type":"$$EventMessageConfirm","confirm":"186e562b-9fb7-407e-bb3a-abdf10829516","ts":"2025-09-06T23:43:45.249+00:00","source":{"id":"0","name":"eventBus"}}
{"__type":"$$EventMessageAudit","id":"e36b99ea-2a2f-4be6-8cbb-be6b08c24ca4","ts":"2025-09-06T23:44:08.819+00:00","eventName":"n8n.audit.user.credentials.updated","message":"n8n.audit.user.credentials.updated","payload":{"userId":"3de95d2c-7687-4d10-889b-3eb871e0a87f","_email":"notguy47@gmail.com","_firstName":"Guy","_lastName":"Cod","globalRole":"global:owner","credentialType":"googleSheetsOAuth2Api","credentialId":"LuaEs8r17hjHKmkl"}}
{"__type":"$$EventMessageConfirm","confirm":"e36b99ea-2a2f-4be6-8cbb-be6b08c24ca4","ts":"2025-09-06T23:44:08.819+00:00","source":{"id":"0","name":"eventBus"}}
{"__type":"$$EventMessageAudit","id":"732724c5-86b7-428c-b5ab-de5ab438631b","ts":"2025-09-06T23:48:45.375+00:00","eventName":"n8n.audit.workflow.created","message":"n8n.audit.workflow.created","payload":{"userId":"3de95d2c-7687-4d10-889b-3eb871e0a87f","_email":"notguy47@gmail.com","_firstName":"Guy","_lastName":"Cod","globalRole":"global:owner","workflowId":"J2WPFDjCv0Vj8Wjh","workflowName":"My workflow 2"}}
{"__type":"$$EventMessageConfirm","confirm":"732724c5-86b7-428c-b5ab-de5ab438631b","ts":"2025-09-06T23:48:45.375+00:00","source":{"id":"0","name":"eventBus"}}
{"__type":"$$EventMessageWorkflow","id":"00c6296a-6cc5-4e04-9768-43d87288cb8f","ts":"2025-09-06T23:48:45.671+00:00","eventName":"n8n.workflow.started","message":"n8n.workflow.started","payload":{"executionId":"52","workflowId":"J2WPFDjCv0Vj8Wjh","isManual":false,"workflowName":"My workflow 2"}}
{"__type":"$$EventMessageConfirm","confirm":"00c6296a-6cc5-4e04-9768-43d87288cb8f","ts":"2025-09-06T23:48:45.671+00:00","source":{"id":"0","name":"eventBus"}}
{"__type":"$$EventMessageNode","id":"63f7a210-2df5-40ae-bd1b-12294ccf6df0","ts":"2025-09-06T23:48:45.673+00:00","eventName":"n8n.node.started","message":"n8n.node.started","payload":{"workflowId":"J2WPFDjCv0Vj8Wjh","workflowName":"My workflow 2","executionId":"52","nodeType":"n8n-nodes-base.manualTrigger","nodeName":"When clicking ‘Execute workflow’","nodeId":"2465fa9d-db53-4b79-82fb-4866459df4aa"}}
{"__type":"$$EventMessageConfirm","confirm":"63f7a210-2df5-40ae-bd1b-12294ccf6df0","ts":"2025-09-06T23:48:45.673+00:00","source":{"id":"0","name":"eventBus"}}
{"__type":"$$EventMessageNode","id":"9c258694-ab6f-46f2-9664-14f6dc005580","ts":"2025-09-06T23:48:45.677+00:00","eventName":"n8n.node.finished","message":"n8n.node.finished","payload":{"workflowId":"J2WPFDjCv0Vj8Wjh","workflowName":"My workflow 2","executionId":"52","nodeType":"n8n-nodes-base.manualTrigger","nodeName":"When clicking ‘Execute workflow’","nodeId":"2465fa9d-db53-4b79-82fb-4866459df4aa"}}
{"__type":"$$EventMessageConfirm","confirm":"9c258694-ab6f-46f2-9664-14f6dc005580","ts":"2025-09-06T23:48:45.678+00:00","source":{"id":"0","name":"eventBus"}}
{"__type":"$$EventMessageNode","id":"eb703eec-22e1-4762-8012-4ba5aa852368","ts":"2025-09-06T23:48:45.678+00:00","eventName":"n8n.node.started","message":"n8n.node.started","payload":{"workflowId":"J2WPFDjCv0Vj8Wjh","workflowName":"My workflow 2","executionId":"52","nodeType":"n8n-nodes-base.googleSheets","nodeName":"Append row in sheet","nodeId":"0bbdbc9b-af59-432a-ad45-a4c570cea714"}}
{"__type":"$$EventMessageConfirm","confirm":"eb703eec-22e1-4762-8012-4ba5aa852368","ts":"2025-09-06T23:48:45.678+00:00","source":{"id":"0","name":"eventBus"}}
{"__type":"$$EventMessageNode","id":"3a85c2a8-063e-4c4b-a0c2-a17133d7d4b1","ts":"2025-09-06T19:48:53.160-04:00","eventName":"n8n.node.finished","message":"n8n.node.finished","payload":{"workflowId":"J2WPFDjCv0Vj8Wjh","workflowName":"My workflow 2","executionId":"52","nodeType":"n8n-nodes-base.googleSheets","nodeName":"Append row in sheet","nodeId":"0bbdbc9b-af59-432a-ad45-a4c570cea714"}}
{"__type":"$$EventMessageConfirm","confirm":"3a85c2a8-063e-4c4b-a0c2-a17133d7d4b1","ts":"2025-09-06T19:48:53.160-04:00","source":{"id":"0","name":"eventBus"}}
{"__type":"$$EventMessageWorkflow","id":"def2a67e-2a0b-4a95-b334-673ac1a26354","ts":"2025-09-06T19:48:53.169-04:00","eventName":"n8n.workflow.success","message":"n8n.workflow.success","payload":{"userId":"3de95d2c-7687-4d10-889b-3eb871e0a87f","executionId":"52","success":true,"isManual":true,"workflowId":"J2WPFDjCv0Vj8Wjh","workflowName":"My workflow 2"}}
{"__type":"$$EventMessageConfirm","confirm":"def2a67e-2a0b-4a95-b334-673ac1a26354","ts":"2025-09-06T19:48:53.170-04:00","source":{"id":"0","name":"eventBus"}}
{"__type":"$$EventMessageAudit","id":"ee112352-8ad6-411c-b8eb-e1892020a3af","ts":"2025-09-06T19:49:35.462-04:00","eventName":"n8n.audit.workflow.updated","message":"n8n.audit.workflow.updated","payload":{"userId":"3de95d2c-7687-4d10-889b-3eb871e0a87f","_email":"notguy47@gmail.com","_firstName":"Guy","_lastName":"Cod","globalRole":"global:owner","workflowId":"J2WPFDjCv0Vj8Wjh","workflowName":"My workflow 2"}}
{"__type":"$$EventMessageConfirm","confirm":"ee112352-8ad6-411c-b8eb-e1892020a3af","ts":"2025-09-06T19:49:35.463-04:00","source":{"id":"0","name":"eventBus"}}
{"__type":"$$EventMessageAudit","id":"55e7a1f0-bc15-4adc-a475-e57ff16864d5","ts":"2025-09-06T19:49:45.030-04:00","eventName":"n8n.audit.workflow.updated","message":"n8n.audit.workflow.updated","payload":{"userId":"3de95d2c-7687-4d10-889b-3eb871e0a87f","_email":"notguy47@gmail.com","_firstName":"Guy","_lastName":"Cod","globalRole":"global:owner","workflowId":"J2WPFDjCv0Vj8Wjh","workflowName":"Logging"}}
{"__type":"$$EventMessageConfirm","confirm":"55e7a1f0-bc15-4adc-a475-e57ff16864d5","ts":"2025-09-06T19:49:45.030-04:00","source":{"id":"0","name":"eventBus"}}
{"__type":"$$EventMessageAudit","id":"ec03c158-9680-490c-ac4b-7719ca00cb6a","ts":"2025-09-06T19:50:09.578-04:00","eventName":"n8n.audit.workflow.updated","message":"n8n.audit.workflow.updated","payload":{"userId":"3de95d2c-7687-4d10-889b-3eb871e0a87f","_email":"notguy47@gmail.com","_firstName":"Guy","_lastName":"Cod","globalRole":"global:owner","workflowId":"J2WPFDjCv0Vj8Wjh","workflowName":"Logging"}}
{"__type":"$$EventMessageConfirm","confirm":"ec03c158-9680-490c-ac4b-7719ca00cb6a","ts":"2025-09-06T19:50:09.579-04:00","source":{"id":"0","name":"eventBus"}}
{"__type":"$$EventMessageWorkflow","id":"94be437a-696a-45c3-a646-ad7973c16c4e","ts":"2025-09-06T19:50:58.777-04:00","eventName":"n8n.workflow.started","message":"n8n.workflow.started","payload":{"executionId":"53","workflowId":"J2WPFDjCv0Vj8Wjh","isManual":false,"workflowName":"Logging"}}
{"__type":"$$EventMessageConfirm","confirm":"94be437a-696a-45c3-a646-ad7973c16c4e","ts":"2025-09-06T19:50:58.778-04:00","source":{"id":"0","name":"eventBus"}}
{"__type":"$$EventMessageNode","id":"e4a2d75e-82b1-463c-ae1c-31799c5c1942","ts":"2025-09-06T19:50:58.778-04:00","eventName":"n8n.node.started","message":"n8n.node.started","payload":{"workflowId":"J2WPFDjCv0Vj8Wjh","workflowName":"Logging","executionId":"53","nodeType":"n8n-nodes-base.errorTrigger","nodeName":"Error Trigger","nodeId":"5f916891-d522-4902-b647-326f6ca473ed"}}
{"__type":"$$EventMessageConfirm","confirm":"e4a2d75e-82b1-463c-ae1c-31799c5c1942","ts":"2025-09-06T19:50:58.779-04:00","source":{"id":"0","name":"eventBus"}}
{"__type":"$$EventMessageNode","id":"fc383b9a-1108-4475-bd65-a36c99ee8737","ts":"2025-09-06T19:50:58.783-04:00","eventName":"n8n.node.finished","message":"n8n.node.finished","payload":{"workflowId":"J2WPFDjCv0Vj8Wjh","workflowName":"Logging","executionId":"53","nodeType":"n8n-nodes-base.errorTrigger","nodeName":"Error Trigger","nodeId":"5f916891-d522-4902-b647-326f6ca473ed"}}
{"__type":"$$EventMessageConfirm","confirm":"fc383b9a-1108-4475-bd65-a36c99ee8737","ts":"2025-09-06T19:50:58.784-04:00","source":{"id":"0","name":"eventBus"}}
{"__type":"$$EventMessageNode","id":"11fb907d-df42-4c97-ba30-700aaa211a2b","ts":"2025-09-06T19:50:58.786-04:00","eventName":"n8n.node.started","message":"n8n.node.started","payload":{"workflowId":"J2WPFDjCv0Vj8Wjh","workflowName":"Logging","executionId":"53","nodeType":"n8n-nodes-base.googleSheets","nodeName":"Append row in sheet","nodeId":"0bbdbc9b-af59-432a-ad45-a4c570cea714"}}
{"__type":"$$EventMessageConfirm","confirm":"11fb907d-df42-4c97-ba30-700aaa211a2b","ts":"2025-09-06T19:50:58.786-04:00","source":{"id":"0","name":"eventBus"}}
{"__type":"$$EventMessageNode","id":"5c94a07c-c5dd-4c2c-89d9-06a39ca4bb88","ts":"2025-09-06T19:51:03.876-04:00","eventName":"n8n.node.finished","message":"n8n.node.finished","payload":{"workflowId":"J2WPFDjCv0Vj8Wjh","workflowName":"Logging","executionId":"53","nodeType":"n8n-nodes-base.googleSheets","nodeName":"Append row in sheet","nodeId":"0bbdbc9b-af59-432a-ad45-a4c570cea714"}}
{"__type":"$$EventMessageConfirm","confirm":"5c94a07c-c5dd-4c2c-89d9-06a39ca4bb88","ts":"2025-09-06T19:51:03.876-04:00","source":{"id":"0","name":"eventBus"}}
{"__type":"$$EventMessageWorkflow","id":"9fecddde-91ec-40e9-a3ab-a20667e8e57f","ts":"2025-09-06T19:51:03.879-04:00","eventName":"n8n.workflow.failed","message":"n8n.workflow.failed","payload":{"userId":"3de95d2c-7687-4d10-889b-3eb871e0a87f","executionId":"53","success":false,"isManual":true,"workflowId":"J2WPFDjCv0Vj8Wjh","workflowName":"Logging","lastNodeExecuted":"Append row in sheet","errorNodeType":"n8n-nodes-base.googleSheets","errorMessage":"The DNS server returned an error, perhaps the server is offline"}}
{"__type":"$$EventMessageConfirm","confirm":"9fecddde-91ec-40e9-a3ab-a20667e8e57f","ts":"2025-09-06T19:51:03.879-04:00","source":{"id":"0","name":"eventBus"}}
{"__type":"$$EventMessageWorkflow","id":"8cca7e21-5b00-4bb7-b103-cb95fd1d6535","ts":"2025-09-06T19:52:05.061-04:00","eventName":"n8n.workflow.started","message":"n8n.workflow.started","payload":{"executionId":"54","workflowId":"J2WPFDjCv0Vj8Wjh","isManual":false,"workflowName":"Logging"}}
{"__type":"$$EventMessageConfirm","confirm":"8cca7e21-5b00-4bb7-b103-cb95fd1d6535","ts":"2025-09-06T19:52:05.061-04:00","source":{"id":"0","name":"eventBus"}}
{"__type":"$$EventMessageNode","id":"5dff314c-2086-46ed-9642-fa14e6ad24a5","ts":"2025-09-06T19:52:05.062-04:00","eventName":"n8n.node.started","message":"n8n.node.started","payload":{"workflowId":"J2WPFDjCv0Vj8Wjh","workflowName":"Logging","executionId":"54","nodeType":"n8n-nodes-base.googleSheets","nodeName":"Append row in sheet","nodeId":"0bbdbc9b-af59-432a-ad45-a4c570cea714"}}
{"__type":"$$EventMessageConfirm","confirm":"5dff314c-2086-46ed-9642-fa14e6ad24a5","ts":"2025-09-06T19:52:05.062-04:00","source":{"id":"0","name":"eventBus"}}
{"__type":"$$EventMessageNode","id":"3e75abc6-b26c-4443-bee2-981770291e99","ts":"2025-09-06T19:52:14.075-04:00","eventName":"n8n.node.finished","message":"n8n.node.finished","payload":{"workflowId":"J2WPFDjCv0Vj8Wjh","workflowName":"Logging","executionId":"54","nodeType":"n8n-nodes-base.googleSheets","nodeName":"Append row in sheet","nodeId":"0bbdbc9b-af59-432a-ad45-a4c570cea714"}}
{"__type":"$$EventMessageConfirm","confirm":"3e75abc6-b26c-4443-bee2-981770291e99","ts":"2025-09-06T19:52:14.076-04:00","source":{"id":"0","name":"eventBus"}}
{"__type":"$$EventMessageWorkflow","id":"c222dd45-3f9f-401e-a7e5-e27979d94bf8","ts":"2025-09-06T19:52:14.078-04:00","eventName":"n8n.workflow.success","message":"n8n.workflow.success","payload":{"userId":"3de95d2c-7687-4d10-889b-3eb871e0a87f","executionId":"54","success":true,"isManual":true,"workflowId":"J2WPFDjCv0Vj8Wjh","workflowName":"Logging"}}
{"__type":"$$EventMessageConfirm","confirm":"c222dd45-3f9f-401e-a7e5-e27979d94bf8","ts":"2025-09-06T19:52:14.078-04:00","source":{"id":"0","name":"eventBus"}}
{"__type":"$$EventMessageAudit","id":"2651410d-ec97-45df-9492-93c7447386f5","ts":"2025-09-06T19:53:20.750-04:00","eventName":"n8n.audit.workflow.updated","message":"n8n.audit.workflow.updated","payload":{"userId":"3de95d2c-7687-4d10-889b-3eb871e0a87f","_email":"notguy47@gmail.com","_firstName":"Guy","_lastName":"Cod","globalRole":"global:owner","workflowId":"J2WPFDjCv0Vj8Wjh","workflowName":"Logging"}}
{"__type":"$$EventMessageConfirm","confirm":"2651410d-ec97-45df-9492-93c7447386f5","ts":"2025-09-06T19:53:20.750-04:00","source":{"id":"0","name":"eventBus"}}
{"__type":"$$EventMessageAudit","id":"1a988f7d-58ec-47d8-b2fb-2856bde14f42","ts":"2025-09-06T19:53:36.380-04:00","eventName":"n8n.audit.workflow.updated","message":"n8n.audit.workflow.updated","payload":{"userId":"3de95d2c-7687-4d10-889b-3eb871e0a87f","_email":"notguy47@gmail.com","_firstName":"Guy","_lastName":"Cod","globalRole":"global:owner","workflowId":"J2WPFDjCv0Vj8Wjh","workflowName":"Logging"}}
{"__type":"$$EventMessageConfirm","confirm":"1a988f7d-58ec-47d8-b2fb-2856bde14f42","ts":"2025-09-06T19:53:36.380-04:00","source":{"id":"0","name":"eventBus"}}
{"__type":"$$EventMessageWorkflow","id":"27b7ff06-34b9-4ca1-8a05-4f5a0c22ec33","ts":"2025-09-06T19:53:57.249-04:00","eventName":"n8n.workflow.started","message":"n8n.workflow.started","payload":{"executionId":"55","workflowId":"J2WPFDjCv0Vj8Wjh","isManual":false,"workflowName":"Logging"}}
{"__type":"$$EventMessageConfirm","confirm":"27b7ff06-34b9-4ca1-8a05-4f5a0c22ec33","ts":"2025-09-06T19:53:57.249-04:00","source":{"id":"0","name":"eventBus"}}
{"__type":"$$EventMessageNode","id":"56255d53-839a-488e-8356-3b463e9470ad","ts":"2025-09-06T19:53:57.250-04:00","eventName":"n8n.node.started","message":"n8n.node.started","payload":{"workflowId":"J2WPFDjCv0Vj8Wjh","workflowName":"Logging","executionId":"55","nodeType":"n8n-nodes-base.manualTrigger","nodeName":"When clicking ‘Execute workflow’","nodeId":"2465fa9d-db53-4b79-82fb-4866459df4aa"}}
{"__type":"$$EventMessageConfirm","confirm":"56255d53-839a-488e-8356-3b463e9470ad","ts":"2025-09-06T19:53:57.250-04:00","source":{"id":"0","name":"eventBus"}}
{"__type":"$$EventMessageNode","id":"9b00f504-0e44-49cd-9b28-b0fdb7616faf","ts":"2025-09-06T19:53:57.253-04:00","eventName":"n8n.node.finished","message":"n8n.node.finished","payload":{"workflowId":"J2WPFDjCv0Vj8Wjh","workflowName":"Logging","executionId":"55","nodeType":"n8n-nodes-base.manualTrigger","nodeName":"When clicking ‘Execute workflow’","nodeId":"2465fa9d-db53-4b79-82fb-4866459df4aa"}}
{"__type":"$$EventMessageConfirm","confirm":"9b00f504-0e44-49cd-9b28-b0fdb7616faf","ts":"2025-09-06T19:53:57.253-04:00","source":{"id":"0","name":"eventBus"}}
{"__type":"$$EventMessageNode","id":"e13d39a6-ab92-4bf2-920e-304a8d4c75fd","ts":"2025-09-06T19:53:57.253-04:00","eventName":"n8n.node.started","message":"n8n.node.started","payload":{"workflowId":"J2WPFDjCv0Vj8Wjh","workflowName":"Logging","executionId":"55","nodeType":"n8n-nodes-base.googleSheets","nodeName":"Append row in sheet","nodeId":"0bbdbc9b-af59-432a-ad45-a4c570cea714"}}
{"__type":"$$EventMessageConfirm","confirm":"e13d39a6-ab92-4bf2-920e-304a8d4c75fd","ts":"2025-09-06T19:53:57.254-04:00","source":{"id":"0","name":"eventBus"}}
{"__type":"$$EventMessageNode","id":"55375461-5dbe-4b9d-8e9d-b249df7016f3","ts":"2025-09-06T19:54:03.802-04:00","eventName":"n8n.node.finished","message":"n8n.node.finished","payload":{"workflowId":"J2WPFDjCv0Vj8Wjh","workflowName":"Logging","executionId":"55","nodeType":"n8n-nodes-base.googleSheets","nodeName":"Append row in sheet","nodeId":"0bbdbc9b-af59-432a-ad45-a4c570cea714"}}
{"__type":"$$EventMessageConfirm","confirm":"55375461-5dbe-4b9d-8e9d-b249df7016f3","ts":"2025-09-06T19:54:03.802-04:00","source":{"id":"0","name":"eventBus"}}
{"__type":"$$EventMessageWorkflow","id":"7c2e4e72-8983-4d6c-be67-e2010fc5663d","ts":"2025-09-06T19:54:03.804-04:00","eventName":"n8n.workflow.success","message":"n8n.workflow.success","payload":{"userId":"3de95d2c-7687-4d10-889b-3eb871e0a87f","executionId":"55","success":true,"isManual":true,"workflowId":"J2WPFDjCv0Vj8Wjh","workflowName":"Logging"}}
{"__type":"$$EventMessageConfirm","confirm":"7c2e4e72-8983-4d6c-be67-e2010fc5663d","ts":"2025-09-06T19:54:03.805-04:00","source":{"id":"0","name":"eventBus"}}
